[ 2016-04-01T10:00:33+08:00 ] ::1 /mysipo_video/
SQL: SHOW COLUMNS FROM `lesson_category` [ RunTime:0.033688s ]
SQL: SELECT `id`,`name`,`title`,`pid`,`url`,`sort`,`list_row`,`meta_title`,`keywords`,`description`,`template_index`,`template_lists`,`template_detail`,`template_edit`,`model`,`type`,`link_id`,`allow_publish`,`display`,`reply`,`check`,`reply_model`,`extend`,`create_time`,`update_time`,`status`,`icon` FROM `lesson_category` WHERE ( `status` = 1 ) ORDER BY sort  [ RunTime:0.034502s ]
SQL: SHOW COLUMNS FROM `lesson_document` [ RunTime:0.033145s ]
SQL: SELECT `id`,`uid`,`name`,`title`,`category_id`,`description`,`root`,`pid`,`model_id`,`type`,`position`,`link_id`,`cover_id`,`display`,`deadline`,`attach`,`view`,`comment`,`extend`,`level`,`create_time`,`update_time`,`status` FROM `lesson_document` WHERE ( `status` = 1 ) AND ( `pid` = 0 ) AND ( `create_time` < 1459476031 ) AND ( deadline = 0 OR deadline > 1459476031 ) ORDER BY `id` DESC  [ RunTime:0.032733s ]
SQL: SHOW COLUMNS FROM `lesson_channel` [ RunTime:0.030864s ]
SQL: SELECT `id`,`pid`,`title`,`url`,`sort`,`create_time`,`update_time`,`status`,`target` FROM `lesson_channel` WHERE ( `status` = 1 ) ORDER BY sort  [ RunTime:0.030379s ]
INFO: [ view_parse ] --START--
INFO: [ template_filter ] --START--
INFO: Run Behavior\ContentReplace [ RunTime:0.000076s ]
INFO: [ template_filter ] --END-- [ RunTime:0.000163s ]
INFO: Run Behavior\ParseTemplate [ RunTime:0.010850s ]
INFO: [ view_parse ] --END-- [ RunTime:0.010928s ]
INFO: [ view_filter ] --START--
INFO: Run Behavior\WriteHtmlCache [ RunTime:0.000288s ]
INFO: [ view_filter ] --END-- [ RunTime:0.000339s ]
INFO: [ app_end ] --START--
INFO: Run Behavior\ShowPageTrace [ RunTime:0.000480s ]
INFO: [ app_end ] --END-- [ RunTime:0.000538s ]

[ 2016-04-01T10:01:28+08:00 ] ::1 /mysipo_video/index.php?s=/Admin/Public/login.html
INFO: [ view_parse ] --START--
INFO: [ template_filter ] --START--
INFO: Run Behavior\ContentReplace [ RunTime:0.000098s ]
INFO: [ template_filter ] --END-- [ RunTime:0.000184s ]
INFO: Run Behavior\ParseTemplate [ RunTime:0.006581s ]
INFO: [ view_parse ] --END-- [ RunTime:0.006946s ]
INFO: [ view_filter ] --START--
INFO: Run Behavior\WriteHtmlCache [ RunTime:0.000328s ]
INFO: [ view_filter ] --END-- [ RunTime:0.000398s ]
INFO: [ app_end ] --START--
INFO: Run Behavior\ShowPageTrace [ RunTime:0.000622s ]
INFO: [ app_end ] --END-- [ RunTime:0.000699s ]

[ 2016-04-01T10:01:47+08:00 ] ::1 /mysipo_video/index.php?s=/Admin/Public/login.html
INFO: [ app_begin ] --START--
INFO: Run Behavior\ReadHtmlCache [ RunTime:0.000327s ]
INFO: [ app_begin ] --END-- [ RunTime:0.000620s ]

[ 2016-04-01T10:01:52+08:00 ] ::1 /mysipo_video/index.php?s=/Admin/Public/login.html
INFO: [ app_begin ] --START--
INFO: Run Behavior\ReadHtmlCache [ RunTime:0.000545s ]
INFO: [ app_begin ] --END-- [ RunTime:0.000957s ]

[ 2016-04-01T10:01:59+08:00 ] ::1 /mysipo_video/index.php?s=/Admin/Public/login.html
INFO: [ app_begin ] --START--
INFO: Run Behavior\ReadHtmlCache [ RunTime:0.000332s ]
INFO: [ app_begin ] --END-- [ RunTime:0.000586s ]
SQL: SHOW COLUMNS FROM `lesson_ucenter_members` [ RunTime:0.031842s ]
SQL: SELECT * FROM `lesson_ucenter_members` WHERE ( `username` = '邵志恩' ) LIMIT 1   [ RunTime:0.365742s ]
SQL: UPDATE `lesson_ucenter_members` SET `lastlogintime`=1459476117,`lastloginip`=0 WHERE ( `uid` = 112247 ) [ RunTime:0.569773s ]
NOTIC: [8] Undefined index: db_dsn E:\www\mysipo_video\ThinkPHP\Library\Think\Db.class.php 第 129 行.
NOTIC: [8] Undefined index: db_params E:\www\mysipo_video\ThinkPHP\Library\Think\Db.class.php 第 130 行.
SQL: SHOW COLUMNS FROM `mys_common_member` [ RunTime:0.033088s ]
SQL: SELECT `uid`,`username`,`adminid` FROM `mys_common_member` WHERE ( `uid` = 112247 ) LIMIT 1   [ RunTime:0.044397s ]
SQL: SHOW COLUMNS FROM `lesson_action` [ RunTime:0.052334s ]
SQL: SELECT * FROM `lesson_action` WHERE ( `name` = 'user_login' ) LIMIT 1   [ RunTime:0.050086s ]
SQL: SHOW COLUMNS FROM `lesson_member` [ RunTime:0.051046s ]
SQL: SELECT `nickname` FROM `lesson_member` WHERE ( `uid` = 112247 ) LIMIT 1   [ RunTime:0.052688s ]
SQL: SHOW COLUMNS FROM `lesson_action_log` [ RunTime:0.053364s ]
SQL: INSERT INTO `lesson_action_log` (`action_id`,`user_id`,`action_ip`,`model`,`record_id`,`create_time`,`remark`) VALUES (1,112247,0,'member',112247,1459476117,'在2016-04-01 10:01登录了后台') [ RunTime:0.063391s ]
SQL: SELECT * FROM `lesson_action` WHERE ( `name` = 'user_login' ) LIMIT 1   [ RunTime:0.053289s ]
NOTIC: [8] Undefined offset: 1 E:\www\mysipo_video\Application\Common\Common\function.php 第 669 行.
NOTIC: [2] array_key_exists() expects parameter 2 to be array, null given E:\www\mysipo_video\Application\Common\Common\function.php 第 669 行.
SQL: SELECT COUNT(*) AS tp_count FROM `lesson_action_log` WHERE ( `action_id` = 1 ) AND ( `user_id` = 112247 ) AND ( `create_time` > 1459389717 ) LIMIT 1   [ RunTime:0.064256s ]

[ 2016-04-01T10:02:00+08:00 ] ::1 /mysipo_video/index.php?s=/Admin/Index/index.html
SQL: SHOW COLUMNS FROM `lesson_menu` [ RunTime:0.041897s ]
SQL: SELECT * FROM `lesson_menu` WHERE ( `pid` = 0 ) AND ( `hide` = 0 ) AND ( `is_dev` = 0 ) ORDER BY sort asc  [ RunTime:0.037658s ]
SQL: SELECT `id` FROM `lesson_menu` WHERE ( url like '%Index/index%' ) LIMIT 1   [ RunTime:0.037249s ]
SQL: SHOW COLUMNS FROM `lesson_menu` [ RunTime:0.038544s ]
SQL: SELECT `id`,`pid`,`title` FROM `lesson_menu` WHERE ( id=1 ) LIMIT 1   [ RunTime:0.037437s ]
SQL: SELECT DISTINCT  `group` FROM `lesson_menu` WHERE ( pid = 2 )  [ RunTime:0.037352s ]
SQL: SELECT `id`,`url` FROM `lesson_menu` WHERE ( `pid` = 2 ) AND ( `hide` = 0 ) AND ( `is_dev` = 0 )  [ RunTime:0.037668s ]
SQL: SELECT `id`,`pid`,`title`,`url`,`tip` FROM `lesson_menu` WHERE ( `group` = '内容' ) AND ( `pid` = 2 ) AND ( `hide` = 0 ) AND ( `is_dev` = 0 ) ORDER BY sort asc  [ RunTime:0.039836s ]
SQL: SELECT `id`,`pid`,`title`,`url`,`tip` FROM `lesson_menu` WHERE ( `group` = '' ) AND ( `pid` = 2 ) AND ( `hide` = 0 ) AND ( `is_dev` = 0 ) ORDER BY sort asc  [ RunTime:0.038376s ]
SQL: SHOW COLUMNS FROM `lesson_auth_group_access` [ RunTime:0.038347s ]
SQL: SELECT `extend_id` FROM lesson_auth_group_access g INNER JOIN lesson_auth_extend c on g.group_id=c.group_id  WHERE ( g.uid='112247' and c.type='1' and !isnull(extend_id) )  [ RunTime:0.037902s ]
SQL: SHOW COLUMNS FROM `lesson_category` [ RunTime:0.045629s ]
SQL: SELECT `id`,`title`,`pid`,`allow_publish`,`url`,`name` FROM `lesson_category` WHERE ( `status` = 1 ) ORDER BY pid,sort  [ RunTime:0.038938s ]

[ 2016-04-01T10:02:02+08:00 ] ::1 /mysipo_video/index.php?s=/Admin/Live/mydocument.html
SQL: SHOW COLUMNS FROM `lesson_menu` [ RunTime:0.045423s ]
SQL: SELECT * FROM `lesson_menu` WHERE ( `pid` = 0 ) AND ( `hide` = 0 ) AND ( `is_dev` = 0 ) ORDER BY sort asc  [ RunTime:0.045019s ]
SQL: SELECT `id` FROM `lesson_menu` WHERE ( url like '%Live/mydocument%' ) LIMIT 1   [ RunTime:0.046207s ]
SQL: SHOW COLUMNS FROM `lesson_menu` [ RunTime:0.046529s ]
SQL: SELECT `id`,`pid`,`title` FROM `lesson_menu` WHERE ( id=2 ) LIMIT 1   [ RunTime:0.044503s ]
SQL: SELECT DISTINCT  `group` FROM `lesson_menu` WHERE ( pid = 2 )  [ RunTime:0.047588s ]
SQL: SELECT `id`,`url` FROM `lesson_menu` WHERE ( `pid` = 2 ) AND ( `hide` = 0 ) AND ( `is_dev` = 0 )  [ RunTime:0.045145s ]
SQL: SELECT `id`,`pid`,`title`,`url`,`tip` FROM `lesson_menu` WHERE ( `group` = '内容' ) AND ( `pid` = 2 ) AND ( `hide` = 0 ) AND ( `is_dev` = 0 ) ORDER BY sort asc  [ RunTime:0.047950s ]
SQL: SELECT `id`,`pid`,`title`,`url`,`tip` FROM `lesson_menu` WHERE ( `group` = '' ) AND ( `pid` = 2 ) AND ( `hide` = 0 ) AND ( `is_dev` = 0 ) ORDER BY sort asc  [ RunTime:0.044634s ]
SQL: SHOW COLUMNS FROM `lesson_auth_group_access` [ RunTime:0.044954s ]
SQL: SELECT `extend_id` FROM lesson_auth_group_access g INNER JOIN lesson_auth_extend c on g.group_id=c.group_id  WHERE ( g.uid='112247' and c.type='1' and !isnull(extend_id) )  [ RunTime:0.044502s ]
SQL: SHOW COLUMNS FROM `lesson_category` [ RunTime:0.047370s ]
SQL: SELECT `id`,`title`,`pid`,`allow_publish`,`url` FROM `lesson_category` WHERE ( `status` = 1 ) ORDER BY pid,sort  [ RunTime:0.044714s ]
SQL: SHOW COLUMNS FROM `lesson_auth_group_access` [ RunTime:0.047627s ]
SQL: SELECT `extend_id` FROM lesson_auth_group_access g INNER JOIN lesson_auth_extend c on g.group_id=c.group_id  WHERE ( g.uid='112247' and c.type='1' and !isnull(extend_id) )  [ RunTime:0.047905s ]
SQL: SELECT `id`,`title`,`pid`,`allow_publish`,`url` FROM `lesson_category` WHERE ( `status` = 1 ) ORDER BY pid,sort  [ RunTime:0.045379s ]
SQL: SHOW COLUMNS FROM `lesson_document` [ RunTime:0.050515s ]
SQL: SELECT COUNT(*) AS tp_count FROM `lesson_document` WHERE ( `status` IN ('0','1','2') ) AND ( `uid` = 112247 ) AND ( `pid` = 0 ) LIMIT 1   [ RunTime:0.045187s ]
SQL: SELECT `id`,`uid`,`name`,`title`,`category_id`,`description`,`root`,`pid`,`model_id`,`type`,`position`,`link_id`,`cover_id`,`display`,`deadline`,`attach`,`view`,`comment`,`extend`,`level`,`create_time`,`update_time`,`status` FROM `lesson_document` WHERE ( `status` IN ('0','1','2') ) AND ( `uid` = 112247 ) AND ( `pid` = 0 ) ORDER BY update_time desc LIMIT 0,10   [ RunTime:0.047908s ]
INFO: [ view_parse ] --START--
INFO: [ template_filter ] --START--
INFO: Run Behavior\ContentReplace [ RunTime:0.000159s ]
INFO: [ template_filter ] --END-- [ RunTime:0.000222s ]
INFO: [ AdminIndex ] --START--
SQL: SHOW COLUMNS FROM `lesson_addons` [ RunTime:0.045504s ]
SQL: SELECT `config` FROM `lesson_addons` WHERE ( `name` = 'SiteStat' ) AND ( `status` = 1 ) LIMIT 1   [ RunTime:0.044500s ]
SQL: SHOW COLUMNS FROM `lesson_ucenter_members` [ RunTime:0.046948s ]
SQL: SELECT COUNT(*) AS tp_count FROM `lesson_ucenter_members` LIMIT 1   [ RunTime:0.076217s ]
SQL: SHOW COLUMNS FROM `lesson_action_log` [ RunTime:0.113747s ]
SQL: SELECT COUNT(*) AS tp_count FROM `lesson_action_log` LIMIT 1   [ RunTime:0.049923s ]
SQL: SELECT COUNT(*) AS tp_count FROM `lesson_category` LIMIT 1   [ RunTime:0.048489s ]
SQL: SHOW COLUMNS FROM `lesson_model` [ RunTime:0.064402s ]
SQL: SELECT COUNT(*) AS tp_count FROM `lesson_model` LIMIT 1   [ RunTime:0.074612s ]
INFO: [ view_parse ] --START--
INFO: [ template_filter ] --START--
INFO: Run Behavior\ContentReplace [ RunTime:0.000042s ]
INFO: [ template_filter ] --END-- [ RunTime:-0.659289s ]
INFO: Run Behavior\ParseTemplate [ RunTime:0.002409s ]
INFO: [ view_parse ] --END-- [ RunTime:0.002493s ]
INFO: [ view_filter ] --START--
INFO: Run Behavior\WriteHtmlCache [ RunTime:0.000301s ]
INFO: [ view_filter ] --END-- [ RunTime:0.000348s ]
INFO: Run SiteStat [ RunTime:0.570527s ]
SQL: SELECT `config` FROM `lesson_addons` WHERE ( `name` = 'SystemInfo' ) AND ( `status` = 1 ) LIMIT 1   [ RunTime:0.059891s ]
INFO: [ view_parse ] --START--
INFO: [ template_filter ] --START--
INFO: Run Behavior\ContentReplace [ RunTime:0.000048s ]
INFO: [ template_filter ] --END-- [ RunTime:-0.723303s ]
SQL: select version() as v; [ RunTime:0.063110s ]
INFO: Run Behavior\ParseTemplate [ RunTime:0.066190s ]
INFO: [ view_parse ] --END-- [ RunTime:-0.061217s ]
INFO: [ view_filter ] --START--
INFO: Run Behavior\WriteHtmlCache [ RunTime:0.000012s ]
INFO: [ view_filter ] --END-- [ RunTime:-0.127134s ]
INFO: Run SystemInfo [ RunTime:0.127165s ]
INFO: [ AdminIndex ] --END-- [ RunTime:0.697767s ]
INFO: Run Behavior\ParseTemplate [ RunTime:0.066414s ]
INFO: [ view_parse ] --END-- [ RunTime:-0.061217s ]
INFO: [ view_filter ] --START--
INFO: Run Behavior\WriteHtmlCache [ RunTime:0.000010s ]
INFO: [ view_filter ] --END-- [ RunTime:-0.127334s ]
INFO: [ app_end ] --START--
INFO: Run Behavior\ShowPageTrace [ RunTime:0.000522s ]
INFO: [ app_end ] --END-- [ RunTime:0.000592s ]

[ 2016-04-01T10:02:06+08:00 ] ::1 /mysipo_video/index.php?s=/Admin/User/index.html
SQL: SHOW COLUMNS FROM `lesson_menu` [ RunTime:0.095072s ]
SQL: SELECT * FROM `lesson_menu` WHERE ( `pid` = 0 ) AND ( `hide` = 0 ) AND ( `is_dev` = 0 ) ORDER BY sort asc  [ RunTime:0.041291s ]
SQL: SELECT `id` FROM `lesson_menu` WHERE ( url like '%User/index%' ) LIMIT 1   [ RunTime:0.030676s ]
SQL: SHOW COLUMNS FROM `lesson_menu` [ RunTime:0.031450s ]
SQL: SELECT `id`,`pid`,`title` FROM `lesson_menu` WHERE ( id=16 ) LIMIT 1   [ RunTime:0.030526s ]
SQL: SELECT DISTINCT  `group` FROM `lesson_menu` WHERE ( pid = 16 )  [ RunTime:0.030881s ]
SQL: SELECT `id`,`url` FROM `lesson_menu` WHERE ( `pid` = 16 ) AND ( `hide` = 0 ) AND ( `is_dev` = 0 )  [ RunTime:0.030545s ]
SQL: SELECT `id`,`pid`,`title`,`url`,`tip` FROM `lesson_menu` WHERE ( `group` = '用户管理' ) AND ( `pid` = 16 ) AND ( `hide` = 0 ) AND ( `is_dev` = 0 ) ORDER BY sort asc  [ RunTime:0.030856s ]
SQL: SELECT `id`,`pid`,`title`,`url`,`tip` FROM `lesson_menu` WHERE ( `group` = '行为管理' ) AND ( `pid` = 16 ) AND ( `hide` = 0 ) AND ( `is_dev` = 0 ) ORDER BY sort asc  [ RunTime:0.031360s ]
SQL: SELECT `id`,`pid`,`title`,`url`,`tip` FROM `lesson_menu` WHERE ( `group` = '' ) AND ( `pid` = 16 ) AND ( `hide` = 0 ) AND ( `is_dev` = 0 ) ORDER BY sort asc  [ RunTime:0.032758s ]
SQL: SHOW COLUMNS FROM `lesson_auth_group_access` [ RunTime:0.037179s ]
SQL: SELECT `extend_id` FROM lesson_auth_group_access g INNER JOIN lesson_auth_extend c on g.group_id=c.group_id  WHERE ( g.uid='112247' and c.type='1' and !isnull(extend_id) )  [ RunTime:0.030649s ]
SQL: SHOW COLUMNS FROM `lesson_category` [ RunTime:0.035328s ]
SQL: SELECT `id`,`title`,`pid`,`allow_publish`,`url`,`name` FROM `lesson_category` WHERE ( `status` = 1 ) ORDER BY pid,sort  [ RunTime:0.034363s ]
SQL: SHOW COLUMNS FROM `lesson_ucenter_members` [ RunTime:0.044741s ]
SQL: SELECT COUNT(*) AS tp_count FROM `lesson_ucenter_members` WHERE ( `status` >= 0 ) AND ( `username` LIKE '%%' ) LIMIT 1   [ RunTime:0.078621s ]
SQL: SELECT `uid`,`username`,`password`,`email`,`myid`,`myidkey`,`regip`,`regdate`,`lastloginip`,`lastlogintime`,`salt`,`secques`,`status`,`score`,`login` FROM `lesson_ucenter_members` WHERE ( `status` >= 0 ) AND ( `username` LIKE '%%' ) ORDER BY uid desc LIMIT 0,10   [ RunTime:0.032144s ]
INFO: [ view_parse ] --START--
INFO: [ template_filter ] --START--
INFO: Run Behavior\ContentReplace [ RunTime:0.000181s ]
INFO: [ template_filter ] --END-- [ RunTime:0.000258s ]
NOTIC: [8] Undefined index: last_login_time E:\www\mysipo_video\Runtime\Cache\Admin\65e605872ed5d34210f5b33beb13f5a3.php 第 133 行.
NOTIC: [8] Undefined index: last_login_ip E:\www\mysipo_video\Runtime\Cache\Admin\65e605872ed5d34210f5b33beb13f5a3.php 第 134 行.
NOTIC: [8] Undefined index: last_login_time E:\www\mysipo_video\Runtime\Cache\Admin\65e605872ed5d34210f5b33beb13f5a3.php 第 133 行.
NOTIC: [8] Undefined index: last_login_ip E:\www\mysipo_video\Runtime\Cache\Admin\65e605872ed5d34210f5b33beb13f5a3.php 第 134 行.
NOTIC: [8] Undefined index: last_login_time E:\www\mysipo_video\Runtime\Cache\Admin\65e605872ed5d34210f5b33beb13f5a3.php 第 133 行.
NOTIC: [8] Undefined index: last_login_ip E:\www\mysipo_video\Runtime\Cache\Admin\65e605872ed5d34210f5b33beb13f5a3.php 第 134 行.
NOTIC: [8] Undefined index: last_login_time E:\www\mysipo_video\Runtime\Cache\Admin\65e605872ed5d34210f5b33beb13f5a3.php 第 133 行.
NOTIC: [8] Undefined index: last_login_ip E:\www\mysipo_video\Runtime\Cache\Admin\65e605872ed5d34210f5b33beb13f5a3.php 第 134 行.
NOTIC: [8] Undefined index: last_login_time E:\www\mysipo_video\Runtime\Cache\Admin\65e605872ed5d34210f5b33beb13f5a3.php 第 133 行.
NOTIC: [8] Undefined index: last_login_ip E:\www\mysipo_video\Runtime\Cache\Admin\65e605872ed5d34210f5b33beb13f5a3.php 第 134 行.
NOTIC: [8] Undefined index: last_login_time E:\www\mysipo_video\Runtime\Cache\Admin\65e605872ed5d34210f5b33beb13f5a3.php 第 133 行.
NOTIC: [8] Undefined index: last_login_ip E:\www\mysipo_video\Runtime\Cache\Admin\65e605872ed5d34210f5b33beb13f5a3.php 第 134 行.
NOTIC: [8] Undefined index: last_login_time E:\www\mysipo_video\Runtime\Cache\Admin\65e605872ed5d34210f5b33beb13f5a3.php 第 133 行.
NOTIC: [8] Undefined index: last_login_ip E:\www\mysipo_video\Runtime\Cache\Admin\65e605872ed5d34210f5b33beb13f5a3.php 第 134 行.
NOTIC: [8] Undefined index: last_login_time E:\www\mysipo_video\Runtime\Cache\Admin\65e605872ed5d34210f5b33beb13f5a3.php 第 133 行.
NOTIC: [8] Undefined index: last_login_ip E:\www\mysipo_video\Runtime\Cache\Admin\65e605872ed5d34210f5b33beb13f5a3.php 第 134 行.
NOTIC: [8] Undefined index: last_login_time E:\www\mysipo_video\Runtime\Cache\Admin\65e605872ed5d34210f5b33beb13f5a3.php 第 133 行.
NOTIC: [8] Undefined index: last_login_ip E:\www\mysipo_video\Runtime\Cache\Admin\65e605872ed5d34210f5b33beb13f5a3.php 第 134 行.
NOTIC: [8] Undefined index: last_login_time E:\www\mysipo_video\Runtime\Cache\Admin\65e605872ed5d34210f5b33beb13f5a3.php 第 133 行.
NOTIC: [8] Undefined index: last_login_ip E:\www\mysipo_video\Runtime\Cache\Admin\65e605872ed5d34210f5b33beb13f5a3.php 第 134 行.
INFO: Run Behavior\ParseTemplate [ RunTime:0.087225s ]
INFO: [ view_parse ] --END-- [ RunTime:0.087291s ]
INFO: [ view_filter ] --START--
INFO: Run Behavior\WriteHtmlCache [ RunTime:0.000315s ]
INFO: [ view_filter ] --END-- [ RunTime:0.000360s ]
INFO: [ app_end ] --START--
INFO: Run Behavior\ShowPageTrace [ RunTime:0.000692s ]
INFO: [ app_end ] --END-- [ RunTime:0.000771s ]

[ 2016-04-01T10:02:09+08:00 ] ::1 /mysipo_video/index.php?s=/Admin/Live/mydocument.html
SQL: SHOW COLUMNS FROM `lesson_menu` [ RunTime:0.123067s ]
SQL: SELECT * FROM `lesson_menu` WHERE ( `pid` = 0 ) AND ( `hide` = 0 ) AND ( `is_dev` = 0 ) ORDER BY sort asc  [ RunTime:0.061716s ]
SQL: SELECT `id` FROM `lesson_menu` WHERE ( url like '%Live/mydocument%' ) LIMIT 1   [ RunTime:0.066176s ]
SQL: SHOW COLUMNS FROM `lesson_menu` [ RunTime:0.051106s ]
SQL: SELECT `id`,`pid`,`title` FROM `lesson_menu` WHERE ( id=2 ) LIMIT 1   [ RunTime:0.053359s ]
SQL: SELECT DISTINCT  `group` FROM `lesson_menu` WHERE ( pid = 2 )  [ RunTime:0.053306s ]
SQL: SELECT `id`,`url` FROM `lesson_menu` WHERE ( `pid` = 2 ) AND ( `hide` = 0 ) AND ( `is_dev` = 0 )  [ RunTime:0.048107s ]
SQL: SELECT `id`,`pid`,`title`,`url`,`tip` FROM `lesson_menu` WHERE ( `group` = '内容' ) AND ( `pid` = 2 ) AND ( `hide` = 0 ) AND ( `is_dev` = 0 ) ORDER BY sort asc  [ RunTime:0.050875s ]
SQL: SELECT `id`,`pid`,`title`,`url`,`tip` FROM `lesson_menu` WHERE ( `group` = '' ) AND ( `pid` = 2 ) AND ( `hide` = 0 ) AND ( `is_dev` = 0 ) ORDER BY sort asc  [ RunTime:0.045391s ]
SQL: SHOW COLUMNS FROM `lesson_auth_group_access` [ RunTime:0.052999s ]
SQL: SELECT `extend_id` FROM lesson_auth_group_access g INNER JOIN lesson_auth_extend c on g.group_id=c.group_id  WHERE ( g.uid='112247' and c.type='1' and !isnull(extend_id) )  [ RunTime:0.064192s ]
SQL: SHOW COLUMNS FROM `lesson_category` [ RunTime:0.062885s ]
SQL: SELECT `id`,`title`,`pid`,`allow_publish`,`url` FROM `lesson_category` WHERE ( `status` = 1 ) ORDER BY pid,sort  [ RunTime:0.046209s ]
SQL: SHOW COLUMNS FROM `lesson_auth_group_access` [ RunTime:0.046384s ]
SQL: SELECT `extend_id` FROM lesson_auth_group_access g INNER JOIN lesson_auth_extend c on g.group_id=c.group_id  WHERE ( g.uid='112247' and c.type='1' and !isnull(extend_id) )  [ RunTime:0.046802s ]
SQL: SELECT `id`,`title`,`pid`,`allow_publish`,`url` FROM `lesson_category` WHERE ( `status` = 1 ) ORDER BY pid,sort  [ RunTime:0.045623s ]
SQL: SHOW COLUMNS FROM `lesson_document` [ RunTime:0.052217s ]
SQL: SELECT COUNT(*) AS tp_count FROM `lesson_document` WHERE ( `status` IN ('0','1','2') ) AND ( `uid` = 112247 ) AND ( `pid` = 0 ) LIMIT 1   [ RunTime:0.046705s ]
SQL: SELECT `id`,`uid`,`name`,`title`,`category_id`,`description`,`root`,`pid`,`model_id`,`type`,`position`,`link_id`,`cover_id`,`display`,`deadline`,`attach`,`view`,`comment`,`extend`,`level`,`create_time`,`update_time`,`status` FROM `lesson_document` WHERE ( `status` IN ('0','1','2') ) AND ( `uid` = 112247 ) AND ( `pid` = 0 ) ORDER BY update_time desc LIMIT 0,10   [ RunTime:0.050703s ]
INFO: [ view_parse ] --START--
INFO: [ template_filter ] --START--
INFO: Run Behavior\ContentReplace [ RunTime:0.000158s ]
INFO: [ template_filter ] --END-- [ RunTime:0.000220s ]
INFO: [ AdminIndex ] --START--
SQL: SHOW COLUMNS FROM `lesson_addons` [ RunTime:0.047755s ]
SQL: SELECT `config` FROM `lesson_addons` WHERE ( `name` = 'SiteStat' ) AND ( `status` = 1 ) LIMIT 1   [ RunTime:0.052916s ]
SQL: SHOW COLUMNS FROM `lesson_ucenter_members` [ RunTime:0.058561s ]
SQL: SELECT COUNT(*) AS tp_count FROM `lesson_ucenter_members` LIMIT 1   [ RunTime:0.067776s ]
SQL: SHOW COLUMNS FROM `lesson_action_log` [ RunTime:0.076310s ]
SQL: SELECT COUNT(*) AS tp_count FROM `lesson_action_log` LIMIT 1   [ RunTime:0.057006s ]
SQL: SELECT COUNT(*) AS tp_count FROM `lesson_category` LIMIT 1   [ RunTime:0.048519s ]
SQL: SHOW COLUMNS FROM `lesson_model` [ RunTime:0.047502s ]
SQL: SELECT COUNT(*) AS tp_count FROM `lesson_model` LIMIT 1   [ RunTime:0.046608s ]
INFO: [ view_parse ] --START--
INFO: [ template_filter ] --START--
INFO: Run Behavior\ContentReplace [ RunTime:0.000049s ]
INFO: [ template_filter ] --END-- [ RunTime:-0.596097s ]
INFO: Run Behavior\ParseTemplate [ RunTime:0.002289s ]
INFO: [ view_parse ] --END-- [ RunTime:0.002366s ]
INFO: [ view_filter ] --START--
INFO: Run Behavior\WriteHtmlCache [ RunTime:0.000201s ]
INFO: [ view_filter ] --END-- [ RunTime:0.000259s ]
INFO: Run SiteStat [ RunTime:0.509107s ]
SQL: SELECT `config` FROM `lesson_addons` WHERE ( `name` = 'SystemInfo' ) AND ( `status` = 1 ) LIMIT 1   [ RunTime:0.047494s ]
INFO: [ view_parse ] --START--
INFO: [ template_filter ] --START--
INFO: Run Behavior\ContentReplace [ RunTime:0.000067s ]
INFO: [ template_filter ] --END-- [ RunTime:-0.647504s ]
SQL: select version() as v; [ RunTime:0.044116s ]
INFO: Run Behavior\ParseTemplate [ RunTime:0.046751s ]
INFO: [ view_parse ] --END-- [ RunTime:-0.048882s ]
INFO: [ view_filter ] --START--
INFO: Run Behavior\WriteHtmlCache [ RunTime:0.000011s ]
INFO: [ view_filter ] --END-- [ RunTime:-0.095445s ]
INFO: Run SystemInfo [ RunTime:0.095464s ]
INFO: [ AdminIndex ] --END-- [ RunTime:0.604650s ]
INFO: Run Behavior\ParseTemplate [ RunTime:0.046970s ]
INFO: [ view_parse ] --END-- [ RunTime:-0.048882s ]
INFO: [ view_filter ] --START--
INFO: Run Behavior\WriteHtmlCache [ RunTime:0.000028s ]
INFO: [ view_filter ] --END-- [ RunTime:-0.095637s ]
INFO: [ app_end ] --START--
INFO: Run Behavior\ShowPageTrace [ RunTime:0.000691s ]
INFO: [ app_end ] --END-- [ RunTime:0.000757s ]

[ 2016-04-01T10:02:14+08:00 ] ::1 /mysipo_video/index.php?s=/Admin/
SQL: SHOW COLUMNS FROM `lesson_menu` [ RunTime:0.046747s ]
SQL: SELECT * FROM `lesson_menu` WHERE ( `pid` = 0 ) AND ( `hide` = 0 ) AND ( `is_dev` = 0 ) ORDER BY sort asc  [ RunTime:0.043721s ]
SQL: SELECT `id` FROM `lesson_menu` WHERE ( url like '%Index/index%' ) LIMIT 1   [ RunTime:0.038160s ]
SQL: SHOW COLUMNS FROM `lesson_menu` [ RunTime:0.039354s ]
SQL: SELECT `id`,`pid`,`title` FROM `lesson_menu` WHERE ( id=1 ) LIMIT 1   [ RunTime:0.038354s ]
SQL: SELECT DISTINCT  `group` FROM `lesson_menu` WHERE ( pid = 2 )  [ RunTime:0.038051s ]
SQL: SELECT `id`,`url` FROM `lesson_menu` WHERE ( `pid` = 2 ) AND ( `hide` = 0 ) AND ( `is_dev` = 0 )  [ RunTime:0.039393s ]
SQL: SELECT `id`,`pid`,`title`,`url`,`tip` FROM `lesson_menu` WHERE ( `group` = '内容' ) AND ( `pid` = 2 ) AND ( `hide` = 0 ) AND ( `is_dev` = 0 ) ORDER BY sort asc  [ RunTime:0.041617s ]
SQL: SELECT `id`,`pid`,`title`,`url`,`tip` FROM `lesson_menu` WHERE ( `group` = '' ) AND ( `pid` = 2 ) AND ( `hide` = 0 ) AND ( `is_dev` = 0 ) ORDER BY sort asc  [ RunTime:0.038237s ]
SQL: SHOW COLUMNS FROM `lesson_auth_group_access` [ RunTime:0.042891s ]
SQL: SELECT `extend_id` FROM lesson_auth_group_access g INNER JOIN lesson_auth_extend c on g.group_id=c.group_id  WHERE ( g.uid='112247' and c.type='1' and !isnull(extend_id) )  [ RunTime:0.038611s ]
SQL: SHOW COLUMNS FROM `lesson_category` [ RunTime:0.041623s ]
SQL: SELECT `id`,`title`,`pid`,`allow_publish`,`url`,`name` FROM `lesson_category` WHERE ( `status` = 1 ) ORDER BY pid,sort  [ RunTime:0.038642s ]

[ 2016-04-01T10:02:17+08:00 ] ::1 /mysipo_video/index.php?s=/Admin/Live/mydocument.html
SQL: SHOW COLUMNS FROM `lesson_menu` [ RunTime:0.041922s ]
SQL: SELECT * FROM `lesson_menu` WHERE ( `pid` = 0 ) AND ( `hide` = 0 ) AND ( `is_dev` = 0 ) ORDER BY sort asc  [ RunTime:0.038432s ]
SQL: SELECT `id` FROM `lesson_menu` WHERE ( url like '%Live/mydocument%' ) LIMIT 1   [ RunTime:0.041146s ]
SQL: SHOW COLUMNS FROM `lesson_menu` [ RunTime:0.042539s ]
SQL: SELECT `id`,`pid`,`title` FROM `lesson_menu` WHERE ( id=2 ) LIMIT 1   [ RunTime:0.037374s ]
SQL: SELECT DISTINCT  `group` FROM `lesson_menu` WHERE ( pid = 2 )  [ RunTime:0.048288s ]
SQL: SELECT `id`,`url` FROM `lesson_menu` WHERE ( `pid` = 2 ) AND ( `hide` = 0 ) AND ( `is_dev` = 0 )  [ RunTime:0.055971s ]
SQL: SELECT `id`,`pid`,`title`,`url`,`tip` FROM `lesson_menu` WHERE ( `group` = '内容' ) AND ( `pid` = 2 ) AND ( `hide` = 0 ) AND ( `is_dev` = 0 ) ORDER BY sort asc  [ RunTime:0.070829s ]
SQL: SELECT `id`,`pid`,`title`,`url`,`tip` FROM `lesson_menu` WHERE ( `group` = '' ) AND ( `pid` = 2 ) AND ( `hide` = 0 ) AND ( `is_dev` = 0 ) ORDER BY sort asc  [ RunTime:0.063093s ]
SQL: SHOW COLUMNS FROM `lesson_auth_group_access` [ RunTime:0.066747s ]
SQL: SELECT `extend_id` FROM lesson_auth_group_access g INNER JOIN lesson_auth_extend c on g.group_id=c.group_id  WHERE ( g.uid='112247' and c.type='1' and !isnull(extend_id) )  [ RunTime:0.069284s ]
SQL: SHOW COLUMNS FROM `lesson_category` [ RunTime:0.353452s ]
SQL: SELECT `id`,`title`,`pid`,`allow_publish`,`url` FROM `lesson_category` WHERE ( `status` = 1 ) ORDER BY pid,sort  [ RunTime:0.052052s ]
SQL: SHOW COLUMNS FROM `lesson_auth_group_access` [ RunTime:0.040501s ]
SQL: SELECT `extend_id` FROM lesson_auth_group_access g INNER JOIN lesson_auth_extend c on g.group_id=c.group_id  WHERE ( g.uid='112247' and c.type='1' and !isnull(extend_id) )  [ RunTime:0.039267s ]
SQL: SELECT `id`,`title`,`pid`,`allow_publish`,`url` FROM `lesson_category` WHERE ( `status` = 1 ) ORDER BY pid,sort  [ RunTime:0.039152s ]
SQL: SHOW COLUMNS FROM `lesson_document` [ RunTime:0.039128s ]
SQL: SELECT COUNT(*) AS tp_count FROM `lesson_document` WHERE ( `status` IN ('0','1','2') ) AND ( `uid` = 112247 ) AND ( `pid` = 0 ) LIMIT 1   [ RunTime:0.041649s ]
SQL: SELECT `id`,`uid`,`name`,`title`,`category_id`,`description`,`root`,`pid`,`model_id`,`type`,`position`,`link_id`,`cover_id`,`display`,`deadline`,`attach`,`view`,`comment`,`extend`,`level`,`create_time`,`update_time`,`status` FROM `lesson_document` WHERE ( `status` IN ('0','1','2') ) AND ( `uid` = 112247 ) AND ( `pid` = 0 ) ORDER BY update_time desc LIMIT 0,10   [ RunTime:0.041116s ]
INFO: [ view_parse ] --START--
INFO: [ template_filter ] --START--
INFO: Run Behavior\ContentReplace [ RunTime:0.000163s ]
INFO: [ template_filter ] --END-- [ RunTime:0.000250s ]
INFO: [ AdminIndex ] --START--
SQL: SHOW COLUMNS FROM `lesson_addons` [ RunTime:0.039253s ]
SQL: SELECT `config` FROM `lesson_addons` WHERE ( `name` = 'SiteStat' ) AND ( `status` = 1 ) LIMIT 1   [ RunTime:0.048812s ]
SQL: SHOW COLUMNS FROM `lesson_ucenter_members` [ RunTime:0.073304s ]
SQL: SELECT COUNT(*) AS tp_count FROM `lesson_ucenter_members` LIMIT 1   [ RunTime:0.085217s ]
SQL: SHOW COLUMNS FROM `lesson_action_log` [ RunTime:0.037972s ]
SQL: SELECT COUNT(*) AS tp_count FROM `lesson_action_log` LIMIT 1   [ RunTime:0.038996s ]
SQL: SELECT COUNT(*) AS tp_count FROM `lesson_category` LIMIT 1   [ RunTime:0.040925s ]
SQL: SHOW COLUMNS FROM `lesson_model` [ RunTime:0.038534s ]
SQL: SELECT COUNT(*) AS tp_count FROM `lesson_model` LIMIT 1   [ RunTime:0.037761s ]
INFO: [ view_parse ] --START--
INFO: [ template_filter ] --START--
INFO: Run Behavior\ContentReplace [ RunTime:0.000041s ]
INFO: [ template_filter ] --END-- [ RunTime:-0.539115s ]
INFO: Run Behavior\ParseTemplate [ RunTime:0.002133s ]
INFO: [ view_parse ] --END-- [ RunTime:0.002209s ]
INFO: [ view_filter ] --START--
INFO: Run Behavior\WriteHtmlCache [ RunTime:0.000210s ]
INFO: [ view_filter ] --END-- [ RunTime:0.000255s ]
INFO: Run SiteStat [ RunTime:0.446653s ]
SQL: SELECT `config` FROM `lesson_addons` WHERE ( `name` = 'SystemInfo' ) AND ( `status` = 1 ) LIMIT 1   [ RunTime:0.039501s ]
INFO: [ view_parse ] --START--
INFO: [ template_filter ] --START--
INFO: Run Behavior\ContentReplace [ RunTime:0.000046s ]
INFO: [ template_filter ] --END-- [ RunTime:-0.582148s ]
SQL: select version() as v; [ RunTime:0.041206s ]
INFO: Run Behavior\ParseTemplate [ RunTime:0.043706s ]
INFO: [ view_parse ] --END-- [ RunTime:-0.040715s ]
INFO: [ view_filter ] --START--
INFO: Run Behavior\WriteHtmlCache [ RunTime:0.000012s ]
INFO: [ view_filter ] --END-- [ RunTime:-0.084215s ]
INFO: Run SystemInfo [ RunTime:0.084244s ]
INFO: [ AdminIndex ] --END-- [ RunTime:0.530972s ]
INFO: Run Behavior\ParseTemplate [ RunTime:0.043910s ]
INFO: [ view_parse ] --END-- [ RunTime:-0.040715s ]
INFO: [ view_filter ] --START--
INFO: Run Behavior\WriteHtmlCache [ RunTime:0.000010s ]
INFO: [ view_filter ] --END-- [ RunTime:-0.084414s ]
INFO: [ app_end ] --START--
INFO: Run Behavior\ShowPageTrace [ RunTime:0.000718s ]
INFO: [ app_end ] --END-- [ RunTime:0.000804s ]

[ 2016-04-01T10:02:24+08:00 ] ::1 /mysipo_video/index.php?s=/Admin/Marking/index.html&cate_id=55
SQL: SHOW COLUMNS FROM `lesson_menu` [ RunTime:0.047156s ]
SQL: SELECT * FROM `lesson_menu` WHERE ( `pid` = 0 ) AND ( `hide` = 0 ) AND ( `is_dev` = 0 ) ORDER BY sort asc  [ RunTime:0.048157s ]
SQL: SELECT `id` FROM `lesson_menu` WHERE ( url like '%Marking/index%' ) LIMIT 1   [ RunTime:0.045036s ]
SQL: SHOW COLUMNS FROM `lesson_auth_group_access` [ RunTime:0.050928s ]
SQL: SELECT `extend_id` FROM lesson_auth_group_access g INNER JOIN lesson_auth_extend c on g.group_id=c.group_id  WHERE ( g.uid='112247' and c.type='1' and !isnull(extend_id) )  [ RunTime:0.050885s ]
SQL: SHOW COLUMNS FROM `lesson_category` [ RunTime:0.047585s ]
SQL: SELECT `id`,`title`,`pid`,`allow_publish`,`url`,`name` FROM `lesson_category` WHERE ( `status` = 1 ) ORDER BY pid,sort  [ RunTime:0.046274s ]
SQL: SELECT `id`,`title`,`pid` FROM `lesson_category` WHERE ( `status` = 1 ) ORDER BY sort  [ RunTime:0.048631s ]
SQL: SHOW COLUMNS FROM `lesson_marking` [ RunTime:0.048935s ]
SQL: SELECT COUNT(*) AS tp_count FROM `lesson_marking` WHERE ( status=0 ) LIMIT 1   [ RunTime:0.051015s ]
SQL: SELECT * FROM `lesson_marking` WHERE ( status=0 ) ORDER BY marking_id desc LIMIT 0,25   [ RunTime:0.069217s ]
SQL: SHOW COLUMNS FROM mysipo_bbs.mys_common_member [ RunTime:0.047509s ]
SQL: SELECT `username` FROM mysipo_bbs.mys_common_member WHERE ( `uid` = 2 ) LIMIT 1   [ RunTime:0.045574s ]
SQL: SHOW COLUMNS FROM `lesson_live` [ RunTime:0.047942s ]
SQL: SELECT `live_id`,`live_title`,`live_start_time`,`live_stop_time` FROM `lesson_live` WHERE ( `live_id` = 58 ) LIMIT 1   [ RunTime:0.046158s ]
SQL: SELECT `username` FROM mysipo_bbs.mys_common_member WHERE ( `uid` = 2 ) LIMIT 1   [ RunTime:0.050303s ]
SQL: SELECT `live_id`,`live_title`,`live_start_time`,`live_stop_time` FROM `lesson_live` WHERE ( `live_id` = 58 ) LIMIT 1   [ RunTime:0.053992s ]
SQL: SELECT `username` FROM mysipo_bbs.mys_common_member WHERE ( `uid` = 2 ) LIMIT 1   [ RunTime:0.050042s ]
SQL: SELECT `live_id`,`live_title`,`live_start_time`,`live_stop_time` FROM `lesson_live` WHERE ( `live_id` = 58 ) LIMIT 1   [ RunTime:0.046678s ]
SQL: SELECT `username` FROM mysipo_bbs.mys_common_member WHERE ( `uid` = 2 ) LIMIT 1   [ RunTime:0.062357s ]
SQL: SELECT `live_id`,`live_title`,`live_start_time`,`live_stop_time` FROM `lesson_live` WHERE ( `live_id` = 58 ) LIMIT 1   [ RunTime:0.060526s ]
SQL: SELECT `username` FROM mysipo_bbs.mys_common_member WHERE ( `uid` = 2 ) LIMIT 1   [ RunTime:0.050511s ]
SQL: SELECT `live_id`,`live_title`,`live_start_time`,`live_stop_time` FROM `lesson_live` WHERE ( `live_id` = 58 ) LIMIT 1   [ RunTime:0.081313s ]
SQL: SELECT `username` FROM mysipo_bbs.mys_common_member WHERE ( `uid` = 2 ) LIMIT 1   [ RunTime:0.092162s ]
SQL: SELECT `live_id`,`live_title`,`live_start_time`,`live_stop_time` FROM `lesson_live` WHERE ( `live_id` = 58 ) LIMIT 1   [ RunTime:0.080996s ]
SQL: SELECT `username` FROM mysipo_bbs.mys_common_member WHERE ( `uid` = 2 ) LIMIT 1   [ RunTime:0.118185s ]
SQL: SELECT `live_id`,`live_title`,`live_start_time`,`live_stop_time` FROM `lesson_live` WHERE ( `live_id` = 58 ) LIMIT 1   [ RunTime:0.065379s ]
SQL: SELECT `username` FROM mysipo_bbs.mys_common_member WHERE ( `uid` = 2 ) LIMIT 1   [ RunTime:0.052409s ]
SQL: SELECT `live_id`,`live_title`,`live_start_time`,`live_stop_time` FROM `lesson_live` WHERE ( `live_id` = 58 ) LIMIT 1   [ RunTime:0.049310s ]
SQL: SELECT `username` FROM mysipo_bbs.mys_common_member WHERE ( `uid` = 2 ) LIMIT 1   [ RunTime:0.050812s ]
SQL: SELECT `live_id`,`live_title`,`live_start_time`,`live_stop_time` FROM `lesson_live` WHERE ( `live_id` = 58 ) LIMIT 1   [ RunTime:0.067774s ]
SQL: SELECT `username` FROM mysipo_bbs.mys_common_member WHERE ( `uid` = 2 ) LIMIT 1   [ RunTime:0.044934s ]
SQL: SELECT `live_id`,`live_title`,`live_start_time`,`live_stop_time` FROM `lesson_live` WHERE ( `live_id` = 58 ) LIMIT 1   [ RunTime:0.046509s ]
SQL: SELECT `username` FROM mysipo_bbs.mys_common_member WHERE ( `uid` = 2 ) LIMIT 1   [ RunTime:0.046457s ]
SQL: SELECT `live_id`,`live_title`,`live_start_time`,`live_stop_time` FROM `lesson_live` WHERE ( `live_id` = 58 ) LIMIT 1   [ RunTime:0.063784s ]
SQL: SELECT `username` FROM mysipo_bbs.mys_common_member WHERE ( `uid` = 2 ) LIMIT 1   [ RunTime:0.046232s ]
SQL: SELECT `live_id`,`live_title`,`live_start_time`,`live_stop_time` FROM `lesson_live` WHERE ( `live_id` = 58 ) LIMIT 1   [ RunTime:0.046670s ]
SQL: SELECT `username` FROM mysipo_bbs.mys_common_member WHERE ( `uid` = 2 ) LIMIT 1   [ RunTime:0.075258s ]
SQL: SELECT `live_id`,`live_title`,`live_start_time`,`live_stop_time` FROM `lesson_live` WHERE ( `live_id` = 58 ) LIMIT 1   [ RunTime:0.054687s ]
SQL: SELECT `username` FROM mysipo_bbs.mys_common_member WHERE ( `uid` = 2 ) LIMIT 1   [ RunTime:0.046669s ]
SQL: SELECT `live_id`,`live_title`,`live_start_time`,`live_stop_time` FROM `lesson_live` WHERE ( `live_id` = 58 ) LIMIT 1   [ RunTime:0.045257s ]
SQL: SELECT `username` FROM mysipo_bbs.mys_common_member WHERE ( `uid` = 2 ) LIMIT 1   [ RunTime:0.055540s ]
SQL: SELECT `live_id`,`live_title`,`live_start_time`,`live_stop_time` FROM `lesson_live` WHERE ( `live_id` = 58 ) LIMIT 1   [ RunTime:0.056028s ]
SQL: SELECT `username` FROM mysipo_bbs.mys_common_member WHERE ( `uid` = 2 ) LIMIT 1   [ RunTime:0.053164s ]
SQL: SELECT `live_id`,`live_title`,`live_start_time`,`live_stop_time` FROM `lesson_live` WHERE ( `live_id` = 58 ) LIMIT 1   [ RunTime:0.047422s ]
SQL: SELECT `username` FROM mysipo_bbs.mys_common_member WHERE ( `uid` = 2 ) LIMIT 1   [ RunTime:0.049522s ]
SQL: SELECT `live_id`,`live_title`,`live_start_time`,`live_stop_time` FROM `lesson_live` WHERE ( `live_id` = 58 ) LIMIT 1   [ RunTime:0.056901s ]
SQL: SELECT `username` FROM mysipo_bbs.mys_common_member WHERE ( `uid` = 2 ) LIMIT 1   [ RunTime:0.045381s ]
SQL: SELECT `live_id`,`live_title`,`live_start_time`,`live_stop_time` FROM `lesson_live` WHERE ( `live_id` = 58 ) LIMIT 1   [ RunTime:0.056639s ]
SQL: SELECT `username` FROM mysipo_bbs.mys_common_member WHERE ( `uid` = 2 ) LIMIT 1   [ RunTime:0.052528s ]
SQL: SELECT `live_id`,`live_title`,`live_start_time`,`live_stop_time` FROM `lesson_live` WHERE ( `live_id` = 58 ) LIMIT 1   [ RunTime:0.091830s ]
SQL: SELECT `username` FROM mysipo_bbs.mys_common_member WHERE ( `uid` = 2 ) LIMIT 1   [ RunTime:0.064481s ]
SQL: SELECT `live_id`,`live_title`,`live_start_time`,`live_stop_time` FROM `lesson_live` WHERE ( `live_id` = 58 ) LIMIT 1   [ RunTime:0.051688s ]
SQL: SELECT `username` FROM mysipo_bbs.mys_common_member WHERE ( `uid` = 2 ) LIMIT 1   [ RunTime:0.046508s ]
SQL: SELECT `live_id`,`live_title`,`live_start_time`,`live_stop_time` FROM `lesson_live` WHERE ( `live_id` = 58 ) LIMIT 1   [ RunTime:0.045639s ]
SQL: SELECT `username` FROM mysipo_bbs.mys_common_member WHERE ( `uid` = 2 ) LIMIT 1   [ RunTime:0.045197s ]
SQL: SELECT `live_id`,`live_title`,`live_start_time`,`live_stop_time` FROM `lesson_live` WHERE ( `live_id` = 58 ) LIMIT 1   [ RunTime:0.046987s ]
SQL: SELECT `username` FROM mysipo_bbs.mys_common_member WHERE ( `uid` = 2 ) LIMIT 1   [ RunTime:0.087676s ]
SQL: SELECT `live_id`,`live_title`,`live_start_time`,`live_stop_time` FROM `lesson_live` WHERE ( `live_id` = 58 ) LIMIT 1   [ RunTime:0.079015s ]
SQL: SELECT `username` FROM mysipo_bbs.mys_common_member WHERE ( `uid` = 2 ) LIMIT 1   [ RunTime:0.059565s ]
SQL: SELECT `live_id`,`live_title`,`live_start_time`,`live_stop_time` FROM `lesson_live` WHERE ( `live_id` = 58 ) LIMIT 1   [ RunTime:0.068499s ]
SQL: SELECT `username` FROM mysipo_bbs.mys_common_member WHERE ( `uid` = 2 ) LIMIT 1   [ RunTime:0.051402s ]
SQL: SELECT `live_id`,`live_title`,`live_start_time`,`live_stop_time` FROM `lesson_live` WHERE ( `live_id` = 58 ) LIMIT 1   [ RunTime:0.045985s ]
INFO: [ view_parse ] --START--
INFO: [ template_filter ] --START--
INFO: Run Behavior\ContentReplace [ RunTime:0.000175s ]
INFO: [ template_filter ] --END-- [ RunTime:0.000247s ]
NOTIC: [8] Undefined variable: meta_title E:\www\mysipo_video\Runtime\Cache\Admin\e7271762c4d4bbdf78e645abab4ec120.php 第 5 行.
NOTIC: [8] Undefined variable: video E:\www\mysipo_video\Runtime\Cache\Admin\e7271762c4d4bbdf78e645abab4ec120.php 第 171 行.
NOTIC: [8] Undefined variable: video E:\www\mysipo_video\Runtime\Cache\Admin\e7271762c4d4bbdf78e645abab4ec120.php 第 171 行.
NOTIC: [8] Undefined variable: video E:\www\mysipo_video\Runtime\Cache\Admin\e7271762c4d4bbdf78e645abab4ec120.php 第 171 行.
NOTIC: [8] Undefined variable: video E:\www\mysipo_video\Runtime\Cache\Admin\e7271762c4d4bbdf78e645abab4ec120.php 第 171 行.
NOTIC: [8] Undefined variable: video E:\www\mysipo_video\Runtime\Cache\Admin\e7271762c4d4bbdf78e645abab4ec120.php 第 171 行.
NOTIC: [8] Undefined variable: video E:\www\mysipo_video\Runtime\Cache\Admin\e7271762c4d4bbdf78e645abab4ec120.php 第 171 行.
NOTIC: [8] Undefined variable: video E:\www\mysipo_video\Runtime\Cache\Admin\e7271762c4d4bbdf78e645abab4ec120.php 第 171 行.
NOTIC: [8] Undefined variable: video E:\www\mysipo_video\Runtime\Cache\Admin\e7271762c4d4bbdf78e645abab4ec120.php 第 171 行.
NOTIC: [8] Undefined variable: video E:\www\mysipo_video\Runtime\Cache\Admin\e7271762c4d4bbdf78e645abab4ec120.php 第 171 行.
NOTIC: [8] Undefined variable: video E:\www\mysipo_video\Runtime\Cache\Admin\e7271762c4d4bbdf78e645abab4ec120.php 第 171 行.
NOTIC: [8] Undefined variable: video E:\www\mysipo_video\Runtime\Cache\Admin\e7271762c4d4bbdf78e645abab4ec120.php 第 171 行.
NOTIC: [8] Undefined variable: video E:\www\mysipo_video\Runtime\Cache\Admin\e7271762c4d4bbdf78e645abab4ec120.php 第 171 行.
NOTIC: [8] Undefined variable: video E:\www\mysipo_video\Runtime\Cache\Admin\e7271762c4d4bbdf78e645abab4ec120.php 第 171 行.
NOTIC: [8] Undefined variable: video E:\www\mysipo_video\Runtime\Cache\Admin\e7271762c4d4bbdf78e645abab4ec120.php 第 171 行.
NOTIC: [8] Undefined variable: video E:\www\mysipo_video\Runtime\Cache\Admin\e7271762c4d4bbdf78e645abab4ec120.php 第 171 行.
NOTIC: [8] Undefined variable: video E:\www\mysipo_video\Runtime\Cache\Admin\e7271762c4d4bbdf78e645abab4ec120.php 第 171 行.
NOTIC: [8] Undefined variable: video E:\www\mysipo_video\Runtime\Cache\Admin\e7271762c4d4bbdf78e645abab4ec120.php 第 171 行.
NOTIC: [8] Undefined variable: video E:\www\mysipo_video\Runtime\Cache\Admin\e7271762c4d4bbdf78e645abab4ec120.php 第 171 行.
NOTIC: [8] Undefined variable: video E:\www\mysipo_video\Runtime\Cache\Admin\e7271762c4d4bbdf78e645abab4ec120.php 第 171 行.
NOTIC: [8] Undefined variable: video E:\www\mysipo_video\Runtime\Cache\Admin\e7271762c4d4bbdf78e645abab4ec120.php 第 171 行.
NOTIC: [8] Undefined variable: video E:\www\mysipo_video\Runtime\Cache\Admin\e7271762c4d4bbdf78e645abab4ec120.php 第 171 行.
NOTIC: [8] Undefined variable: video E:\www\mysipo_video\Runtime\Cache\Admin\e7271762c4d4bbdf78e645abab4ec120.php 第 171 行.
NOTIC: [8] Undefined variable: video E:\www\mysipo_video\Runtime\Cache\Admin\e7271762c4d4bbdf78e645abab4ec120.php 第 171 行.
NOTIC: [8] Undefined variable: video E:\www\mysipo_video\Runtime\Cache\Admin\e7271762c4d4bbdf78e645abab4ec120.php 第 171 行.
NOTIC: [8] Undefined variable: video E:\www\mysipo_video\Runtime\Cache\Admin\e7271762c4d4bbdf78e645abab4ec120.php 第 171 行.
NOTIC: [8] Undefined variable: video E:\www\mysipo_video\Runtime\Cache\Admin\e7271762c4d4bbdf78e645abab4ec120.php 第 171 行.
NOTIC: [8] Undefined variable: video E:\www\mysipo_video\Runtime\Cache\Admin\e7271762c4d4bbdf78e645abab4ec120.php 第 171 行.
NOTIC: [8] Undefined variable: video E:\www\mysipo_video\Runtime\Cache\Admin\e7271762c4d4bbdf78e645abab4ec120.php 第 171 行.
NOTIC: [8] Undefined variable: video E:\www\mysipo_video\Runtime\Cache\Admin\e7271762c4d4bbdf78e645abab4ec120.php 第 171 行.
NOTIC: [8] Undefined variable: video E:\www\mysipo_video\Runtime\Cache\Admin\e7271762c4d4bbdf78e645abab4ec120.php 第 171 行.
NOTIC: [8] Undefined variable: video E:\www\mysipo_video\Runtime\Cache\Admin\e7271762c4d4bbdf78e645abab4ec120.php 第 171 行.
NOTIC: [8] Undefined variable: video E:\www\mysipo_video\Runtime\Cache\Admin\e7271762c4d4bbdf78e645abab4ec120.php 第 171 行.
NOTIC: [8] Undefined variable: video E:\www\mysipo_video\Runtime\Cache\Admin\e7271762c4d4bbdf78e645abab4ec120.php 第 171 行.
NOTIC: [8] Undefined variable: video E:\www\mysipo_video\Runtime\Cache\Admin\e7271762c4d4bbdf78e645abab4ec120.php 第 171 行.
NOTIC: [8] Undefined variable: video E:\www\mysipo_video\Runtime\Cache\Admin\e7271762c4d4bbdf78e645abab4ec120.php 第 171 行.
NOTIC: [8] Undefined variable: video E:\www\mysipo_video\Runtime\Cache\Admin\e7271762c4d4bbdf78e645abab4ec120.php 第 171 行.
NOTIC: [8] Undefined variable: video E:\www\mysipo_video\Runtime\Cache\Admin\e7271762c4d4bbdf78e645abab4ec120.php 第 171 行.
NOTIC: [8] Undefined variable: video E:\www\mysipo_video\Runtime\Cache\Admin\e7271762c4d4bbdf78e645abab4ec120.php 第 171 行.
NOTIC: [8] Undefined variable: video E:\www\mysipo_video\Runtime\Cache\Admin\e7271762c4d4bbdf78e645abab4ec120.php 第 171 行.
NOTIC: [8] Undefined variable: video E:\www\mysipo_video\Runtime\Cache\Admin\e7271762c4d4bbdf78e645abab4ec120.php 第 171 行.
NOTIC: [8] Undefined variable: video E:\www\mysipo_video\Runtime\Cache\Admin\e7271762c4d4bbdf78e645abab4ec120.php 第 171 行.
NOTIC: [8] Undefined variable: video E:\www\mysipo_video\Runtime\Cache\Admin\e7271762c4d4bbdf78e645abab4ec120.php 第 171 行.
NOTIC: [8] Undefined variable: video E:\www\mysipo_video\Runtime\Cache\Admin\e7271762c4d4bbdf78e645abab4ec120.php 第 171 行.
NOTIC: [8] Undefined variable: video E:\www\mysipo_video\Runtime\Cache\Admin\e7271762c4d4bbdf78e645abab4ec120.php 第 171 行.
NOTIC: [8] Undefined variable: video E:\www\mysipo_video\Runtime\Cache\Admin\e7271762c4d4bbdf78e645abab4ec120.php 第 171 行.
NOTIC: [8] Undefined variable: video E:\www\mysipo_video\Runtime\Cache\Admin\e7271762c4d4bbdf78e645abab4ec120.php 第 171 行.
NOTIC: [8] Undefined variable: video E:\www\mysipo_video\Runtime\Cache\Admin\e7271762c4d4bbdf78e645abab4ec120.php 第 171 行.
NOTIC: [8] Undefined variable: video E:\www\mysipo_video\Runtime\Cache\Admin\e7271762c4d4bbdf78e645abab4ec120.php 第 171 行.
NOTIC: [8] Undefined variable: video E:\www\mysipo_video\Runtime\Cache\Admin\e7271762c4d4bbdf78e645abab4ec120.php 第 171 行.
NOTIC: [8] Undefined variable: video E:\www\mysipo_video\Runtime\Cache\Admin\e7271762c4d4bbdf78e645abab4ec120.php 第 171 行.
NOTIC: [8] Undefined variable: video E:\www\mysipo_video\Runtime\Cache\Admin\e7271762c4d4bbdf78e645abab4ec120.php 第 171 行.
NOTIC: [8] Undefined variable: video E:\www\mysipo_video\Runtime\Cache\Admin\e7271762c4d4bbdf78e645abab4ec120.php 第 171 行.
NOTIC: [8] Undefined variable: video E:\www\mysipo_video\Runtime\Cache\Admin\e7271762c4d4bbdf78e645abab4ec120.php 第 171 行.
NOTIC: [8] Undefined variable: video E:\www\mysipo_video\Runtime\Cache\Admin\e7271762c4d4bbdf78e645abab4ec120.php 第 171 行.
NOTIC: [8] Undefined variable: video E:\www\mysipo_video\Runtime\Cache\Admin\e7271762c4d4bbdf78e645abab4ec120.php 第 171 行.
NOTIC: [8] Undefined variable: video E:\www\mysipo_video\Runtime\Cache\Admin\e7271762c4d4bbdf78e645abab4ec120.php 第 171 行.
NOTIC: [8] Undefined variable: video E:\www\mysipo_video\Runtime\Cache\Admin\e7271762c4d4bbdf78e645abab4ec120.php 第 171 行.
NOTIC: [8] Undefined variable: video E:\www\mysipo_video\Runtime\Cache\Admin\e7271762c4d4bbdf78e645abab4ec120.php 第 171 行.
NOTIC: [8] Undefined variable: video E:\www\mysipo_video\Runtime\Cache\Admin\e7271762c4d4bbdf78e645abab4ec120.php 第 171 行.
NOTIC: [8] Undefined variable: video E:\www\mysipo_video\Runtime\Cache\Admin\e7271762c4d4bbdf78e645abab4ec120.php 第 171 行.
NOTIC: [8] Undefined variable: video E:\www\mysipo_video\Runtime\Cache\Admin\e7271762c4d4bbdf78e645abab4ec120.php 第 171 行.
NOTIC: [8] Undefined variable: video E:\www\mysipo_video\Runtime\Cache\Admin\e7271762c4d4bbdf78e645abab4ec120.php 第 171 行.
NOTIC: [8] Undefined variable: video E:\www\mysipo_video\Runtime\Cache\Admin\e7271762c4d4bbdf78e645abab4ec120.php 第 171 行.
NOTIC: [8] Undefined variable: video E:\www\mysipo_video\Runtime\Cache\Admin\e7271762c4d4bbdf78e645abab4ec120.php 第 171 行.
NOTIC: [8] Undefined variable: video E:\www\mysipo_video\Runtime\Cache\Admin\e7271762c4d4bbdf78e645abab4ec120.php 第 171 行.
NOTIC: [8] Undefined variable: video E:\www\mysipo_video\Runtime\Cache\Admin\e7271762c4d4bbdf78e645abab4ec120.php 第 171 行.
NOTIC: [8] Undefined variable: video E:\www\mysipo_video\Runtime\Cache\Admin\e7271762c4d4bbdf78e645abab4ec120.php 第 171 行.
NOTIC: [8] Undefined variable: video E:\www\mysipo_video\Runtime\Cache\Admin\e7271762c4d4bbdf78e645abab4ec120.php 第 171 行.
NOTIC: [8] Undefined variable: video E:\www\mysipo_video\Runtime\Cache\Admin\e7271762c4d4bbdf78e645abab4ec120.php 第 171 行.
NOTIC: [8] Undefined variable: video E:\www\mysipo_video\Runtime\Cache\Admin\e7271762c4d4bbdf78e645abab4ec120.php 第 171 行.
NOTIC: [8] Undefined variable: video E:\www\mysipo_video\Runtime\Cache\Admin\e7271762c4d4bbdf78e645abab4ec120.php 第 171 行.
NOTIC: [8] Undefined variable: video E:\www\mysipo_video\Runtime\Cache\Admin\e7271762c4d4bbdf78e645abab4ec120.php 第 171 行.
NOTIC: [8] Undefined variable: video E:\www\mysipo_video\Runtime\Cache\Admin\e7271762c4d4bbdf78e645abab4ec120.php 第 171 行.
NOTIC: [8] Undefined variable: video E:\www\mysipo_video\Runtime\Cache\Admin\e7271762c4d4bbdf78e645abab4ec120.php 第 171 行.
NOTIC: [8] Undefined variable: video E:\www\mysipo_video\Runtime\Cache\Admin\e7271762c4d4bbdf78e645abab4ec120.php 第 171 行.
NOTIC: [8] Undefined variable: _page E:\www\mysipo_video\Runtime\Cache\Admin\e7271762c4d4bbdf78e645abab4ec120.php 第 181 行.
INFO: Run Behavior\ParseTemplate [ RunTime:0.126371s ]
INFO: [ view_parse ] --END-- [ RunTime:0.126438s ]
INFO: [ view_filter ] --START--
INFO: Run Behavior\WriteHtmlCache [ RunTime:0.000190s ]
INFO: [ view_filter ] --END-- [ RunTime:0.000235s ]
INFO: [ app_end ] --START--
INFO: Run Behavior\ShowPageTrace [ RunTime:0.000630s ]
INFO: [ app_end ] --END-- [ RunTime:0.000707s ]

