[ 2016-03-22T17:43:55+08:00 ] 61.50.123.26 /mysipo_video/index.php?s=/Admin/Payinfo/index.html
NOTIC: [8192] mysql_connect(): The mysql extension is deprecated and will be removed in the future: use mysqli or PDO instead /alidata/www/phpwind/mysipo_video/ThinkPHP/Library/Think/Db/Driver/Mysql.class.php 第 52 行.
SQL: SHOW COLUMNS FROM `lesson_menu` [ RunTime:0.000742s ]
SQL: SELECT * FROM `lesson_menu` WHERE ( `pid` = 0 ) AND ( `hide` = 0 ) AND ( `is_dev` = 0 ) ORDER BY sort asc  [ RunTime:0.000323s ]
SQL: SELECT `id` FROM `lesson_menu` WHERE ( url like '%Payinfo/index%' ) LIMIT 1   [ RunTime:0.000263s ]
SQL: SHOW COLUMNS FROM `lesson_auth_group_access` [ RunTime:0.000439s ]
SQL: SELECT `extend_id` FROM lesson_auth_group_access g INNER JOIN lesson_auth_extend c on g.group_id=c.group_id  WHERE ( g.uid='107901' and c.type='1' and !isnull(extend_id) )  [ RunTime:0.000230s ]
SQL: SHOW COLUMNS FROM `lesson_category` [ RunTime:0.000625s ]
SQL: SELECT `id`,`title`,`pid`,`allow_publish`,`url`,`name` FROM `lesson_category` WHERE ( `status` = 1 ) ORDER BY pid,sort  [ RunTime:0.000208s ]
SQL: SELECT `id`,`title`,`pid` FROM `lesson_category` WHERE ( `status` = 1 ) ORDER BY sort  [ RunTime:0.000193s ]
SQL: SHOW COLUMNS FROM `lesson_order` [ RunTime:0.000521s ]
SQL: SELECT COUNT(*) AS tp_count FROM `lesson_order` WHERE ( `status` >= 0 ) LIMIT 1   [ RunTime:0.000223s ]
SQL: SELECT `order_on`,`uid`,`uname`,`telphone`,`pay_real`,`pay_amout`,`pay_channels`,`pay_code`,`lesson_type`,`lesson_id`,`status`,`admin_id`,`description`,`failure_time`,`pay_time` FROM `lesson_order` WHERE ( `status` >= 0 ) ORDER BY order_on desc LIMIT 0,10   [ RunTime:0.000232s ]
INFO: [ view_parse ] --START--
INFO: [ template_filter ] --START--
INFO: Run Behavior\ContentReplace [ RunTime:0.000174s ]
INFO: [ template_filter ] --END-- [ RunTime:0.000271s ]
NOTIC: [8] Use of undefined constant admin_id - assumed 'admin_id' /alidata/www/phpwind/mysipo_video/Runtime/Cache/Admin/3137ab26088edbe96d4820189b2a2592.php 第 162 行.
NOTIC: [8] Use of undefined constant admin_id - assumed 'admin_id' /alidata/www/phpwind/mysipo_video/Runtime/Cache/Admin/3137ab26088edbe96d4820189b2a2592.php 第 162 行.
NOTIC: [8] Use of undefined constant admin_id - assumed 'admin_id' /alidata/www/phpwind/mysipo_video/Runtime/Cache/Admin/3137ab26088edbe96d4820189b2a2592.php 第 162 行.
NOTIC: [8] Use of undefined constant admin_id - assumed 'admin_id' /alidata/www/phpwind/mysipo_video/Runtime/Cache/Admin/3137ab26088edbe96d4820189b2a2592.php 第 162 行.
NOTIC: [8] Use of undefined constant admin_id - assumed 'admin_id' /alidata/www/phpwind/mysipo_video/Runtime/Cache/Admin/3137ab26088edbe96d4820189b2a2592.php 第 162 行.
NOTIC: [8] Use of undefined constant admin_id - assumed 'admin_id' /alidata/www/phpwind/mysipo_video/Runtime/Cache/Admin/3137ab26088edbe96d4820189b2a2592.php 第 162 行.
NOTIC: [8] Use of undefined constant admin_id - assumed 'admin_id' /alidata/www/phpwind/mysipo_video/Runtime/Cache/Admin/3137ab26088edbe96d4820189b2a2592.php 第 162 行.
NOTIC: [8] Use of undefined constant admin_id - assumed 'admin_id' /alidata/www/phpwind/mysipo_video/Runtime/Cache/Admin/3137ab26088edbe96d4820189b2a2592.php 第 162 行.
NOTIC: [8] Use of undefined constant admin_id - assumed 'admin_id' /alidata/www/phpwind/mysipo_video/Runtime/Cache/Admin/3137ab26088edbe96d4820189b2a2592.php 第 162 行.
NOTIC: [8] Use of undefined constant admin_id - assumed 'admin_id' /alidata/www/phpwind/mysipo_video/Runtime/Cache/Admin/3137ab26088edbe96d4820189b2a2592.php 第 162 行.
INFO: Run Behavior\ParseTemplate [ RunTime:0.022676s ]
INFO: [ view_parse ] --END-- [ RunTime:0.022728s ]
INFO: [ view_filter ] --START--
INFO: Run Behavior\WriteHtmlCache [ RunTime:0.000134s ]
INFO: [ view_filter ] --END-- [ RunTime:0.000175s ]
INFO: [ app_end ] --START--
INFO: Run Behavior\ShowPageTrace [ RunTime:0.000441s ]
INFO: [ app_end ] --END-- [ RunTime:0.000493s ]

[ 2016-03-22T17:43:58+08:00 ] 61.50.123.26 /mysipo_video/index.php?s=/Admin/Payinfo/edit/id/20000258.html
NOTIC: [8192] mysql_connect(): The mysql extension is deprecated and will be removed in the future: use mysqli or PDO instead /alidata/www/phpwind/mysipo_video/ThinkPHP/Library/Think/Db/Driver/Mysql.class.php 第 52 行.
SQL: SHOW COLUMNS FROM `lesson_menu` [ RunTime:0.000914s ]
SQL: SELECT * FROM `lesson_menu` WHERE ( `pid` = 0 ) AND ( `hide` = 0 ) AND ( `is_dev` = 0 ) ORDER BY sort asc  [ RunTime:0.000436s ]
SQL: SELECT `id` FROM `lesson_menu` WHERE ( url like '%Payinfo/edit%' ) LIMIT 1   [ RunTime:0.000258s ]
SQL: SHOW COLUMNS FROM `lesson_auth_group_access` [ RunTime:0.000406s ]
SQL: SELECT `extend_id` FROM lesson_auth_group_access g INNER JOIN lesson_auth_extend c on g.group_id=c.group_id  WHERE ( g.uid='107901' and c.type='1' and !isnull(extend_id) )  [ RunTime:0.000259s ]
SQL: SHOW COLUMNS FROM `lesson_category` [ RunTime:0.000583s ]
SQL: SELECT `id`,`title`,`pid`,`allow_publish`,`url`,`name` FROM `lesson_category` WHERE ( `status` = 1 ) ORDER BY pid,sort  [ RunTime:0.000207s ]
SQL: SELECT `id`,`title`,`pid` FROM `lesson_category` WHERE ( `status` = 1 ) ORDER BY sort  [ RunTime:0.000174s ]
SQL: SHOW COLUMNS FROM `lesson_order` [ RunTime:0.000491s ]
SQL: SELECT * FROM `lesson_order` WHERE ( `order_on` = 20000258 ) LIMIT 1   [ RunTime:0.000443s ]
SQL: SHOW COLUMNS FROM `lesson_series` [ RunTime:0.000463s ]
SQL: SELECT * FROM `lesson_series` ORDER BY ser_id desc  [ RunTime:0.000247s ]
INFO: [ view_parse ] --START--
INFO: [ template_filter ] --START--
INFO: Run Behavior\ContentReplace [ RunTime:0.000165s ]
INFO: [ template_filter ] --END-- [ RunTime:0.000215s ]
NOTIC: [8] Undefined index: reply_model /alidata/www/phpwind/mysipo_video/Runtime/Cache/Admin/2c556c0925dd5786e085636c7a7690ea.php 第 297 行.
INFO: Run Behavior\ParseTemplate [ RunTime:0.020417s ]
INFO: [ view_parse ] --END-- [ RunTime:0.020462s ]
INFO: [ view_filter ] --START--
INFO: Run Behavior\WriteHtmlCache [ RunTime:0.000187s ]
INFO: [ view_filter ] --END-- [ RunTime:0.000227s ]
INFO: [ app_end ] --START--
INFO: Run Behavior\ShowPageTrace [ RunTime:0.000373s ]
INFO: [ app_end ] --END-- [ RunTime:0.000423s ]

[ 2016-03-22T17:44:36+08:00 ] 61.50.123.26 /mysipo_video/index.php?s=/Admin/Payinfo/index.html&cate_id=49
NOTIC: [8192] mysql_connect(): The mysql extension is deprecated and will be removed in the future: use mysqli or PDO instead /alidata/www/phpwind/mysipo_video/ThinkPHP/Library/Think/Db/Driver/Mysql.class.php 第 52 行.
SQL: SHOW COLUMNS FROM `lesson_menu` [ RunTime:0.000713s ]
SQL: SELECT * FROM `lesson_menu` WHERE ( `pid` = 0 ) AND ( `hide` = 0 ) AND ( `is_dev` = 0 ) ORDER BY sort asc  [ RunTime:0.000328s ]
SQL: SELECT `id` FROM `lesson_menu` WHERE ( url like '%Payinfo/index%' ) LIMIT 1   [ RunTime:0.000266s ]
SQL: SHOW COLUMNS FROM `lesson_auth_group_access` [ RunTime:0.000432s ]
SQL: SELECT `extend_id` FROM lesson_auth_group_access g INNER JOIN lesson_auth_extend c on g.group_id=c.group_id  WHERE ( g.uid='107901' and c.type='1' and !isnull(extend_id) )  [ RunTime:0.000231s ]
SQL: SHOW COLUMNS FROM `lesson_category` [ RunTime:0.000605s ]
SQL: SELECT `id`,`title`,`pid`,`allow_publish`,`url`,`name` FROM `lesson_category` WHERE ( `status` = 1 ) ORDER BY pid,sort  [ RunTime:0.000211s ]
SQL: SELECT `id`,`title`,`pid` FROM `lesson_category` WHERE ( `status` = 1 ) ORDER BY sort  [ RunTime:0.000179s ]
SQL: SHOW COLUMNS FROM `lesson_order` [ RunTime:0.000516s ]
SQL: SELECT COUNT(*) AS tp_count FROM `lesson_order` WHERE ( `status` >= 0 ) LIMIT 1   [ RunTime:0.000225s ]
SQL: SELECT `order_on`,`uid`,`uname`,`telphone`,`pay_real`,`pay_amout`,`pay_channels`,`pay_code`,`lesson_type`,`lesson_id`,`status`,`admin_id`,`description`,`failure_time`,`pay_time` FROM `lesson_order` WHERE ( `status` >= 0 ) ORDER BY order_on desc LIMIT 0,10   [ RunTime:0.000236s ]
INFO: [ view_parse ] --START--
INFO: [ template_filter ] --START--
INFO: Run Behavior\ContentReplace [ RunTime:0.000140s ]
INFO: [ template_filter ] --END-- [ RunTime:0.000208s ]
NOTIC: [8] Use of undefined constant admin_id - assumed 'admin_id' /alidata/www/phpwind/mysipo_video/Runtime/Cache/Admin/3137ab26088edbe96d4820189b2a2592.php 第 162 行.
NOTIC: [8] Use of undefined constant admin_id - assumed 'admin_id' /alidata/www/phpwind/mysipo_video/Runtime/Cache/Admin/3137ab26088edbe96d4820189b2a2592.php 第 162 行.
NOTIC: [8] Use of undefined constant admin_id - assumed 'admin_id' /alidata/www/phpwind/mysipo_video/Runtime/Cache/Admin/3137ab26088edbe96d4820189b2a2592.php 第 162 行.
NOTIC: [8] Use of undefined constant admin_id - assumed 'admin_id' /alidata/www/phpwind/mysipo_video/Runtime/Cache/Admin/3137ab26088edbe96d4820189b2a2592.php 第 162 行.
NOTIC: [8] Use of undefined constant admin_id - assumed 'admin_id' /alidata/www/phpwind/mysipo_video/Runtime/Cache/Admin/3137ab26088edbe96d4820189b2a2592.php 第 162 行.
NOTIC: [8] Use of undefined constant admin_id - assumed 'admin_id' /alidata/www/phpwind/mysipo_video/Runtime/Cache/Admin/3137ab26088edbe96d4820189b2a2592.php 第 162 行.
NOTIC: [8] Use of undefined constant admin_id - assumed 'admin_id' /alidata/www/phpwind/mysipo_video/Runtime/Cache/Admin/3137ab26088edbe96d4820189b2a2592.php 第 162 行.
NOTIC: [8] Use of undefined constant admin_id - assumed 'admin_id' /alidata/www/phpwind/mysipo_video/Runtime/Cache/Admin/3137ab26088edbe96d4820189b2a2592.php 第 162 行.
NOTIC: [8] Use of undefined constant admin_id - assumed 'admin_id' /alidata/www/phpwind/mysipo_video/Runtime/Cache/Admin/3137ab26088edbe96d4820189b2a2592.php 第 162 行.
NOTIC: [8] Use of undefined constant admin_id - assumed 'admin_id' /alidata/www/phpwind/mysipo_video/Runtime/Cache/Admin/3137ab26088edbe96d4820189b2a2592.php 第 162 行.
INFO: Run Behavior\ParseTemplate [ RunTime:0.021827s ]
INFO: [ view_parse ] --END-- [ RunTime:0.021880s ]
INFO: [ view_filter ] --START--
INFO: Run Behavior\WriteHtmlCache [ RunTime:0.000119s ]
INFO: [ view_filter ] --END-- [ RunTime:0.000159s ]
INFO: [ app_end ] --START--
INFO: Run Behavior\ShowPageTrace [ RunTime:0.000591s ]
INFO: [ app_end ] --END-- [ RunTime:0.000645s ]

[ 2016-03-22T17:44:42+08:00 ] 61.50.123.26 /mysipo_video/index.php?s=/Admin/Payinfo/edit/id/20000258.html
NOTIC: [8192] mysql_connect(): The mysql extension is deprecated and will be removed in the future: use mysqli or PDO instead /alidata/www/phpwind/mysipo_video/ThinkPHP/Library/Think/Db/Driver/Mysql.class.php 第 52 行.
SQL: SHOW COLUMNS FROM `lesson_menu` [ RunTime:0.000742s ]
SQL: SELECT * FROM `lesson_menu` WHERE ( `pid` = 0 ) AND ( `hide` = 0 ) AND ( `is_dev` = 0 ) ORDER BY sort asc  [ RunTime:0.000336s ]
SQL: SELECT `id` FROM `lesson_menu` WHERE ( url like '%Payinfo/edit%' ) LIMIT 1   [ RunTime:0.000241s ]
SQL: SHOW COLUMNS FROM `lesson_auth_group_access` [ RunTime:0.000420s ]
SQL: SELECT `extend_id` FROM lesson_auth_group_access g INNER JOIN lesson_auth_extend c on g.group_id=c.group_id  WHERE ( g.uid='107901' and c.type='1' and !isnull(extend_id) )  [ RunTime:0.000248s ]
SQL: SHOW COLUMNS FROM `lesson_category` [ RunTime:0.000602s ]
SQL: SELECT `id`,`title`,`pid`,`allow_publish`,`url`,`name` FROM `lesson_category` WHERE ( `status` = 1 ) ORDER BY pid,sort  [ RunTime:0.000221s ]
SQL: SELECT `id`,`title`,`pid` FROM `lesson_category` WHERE ( `status` = 1 ) ORDER BY sort  [ RunTime:0.000183s ]
SQL: SHOW COLUMNS FROM `lesson_order` [ RunTime:0.000738s ]
SQL: SELECT * FROM `lesson_order` WHERE ( `order_on` = 20000258 ) LIMIT 1   [ RunTime:0.000238s ]
SQL: SHOW COLUMNS FROM `lesson_series` [ RunTime:0.000493s ]
SQL: SELECT * FROM `lesson_series` ORDER BY ser_id desc  [ RunTime:0.000261s ]
INFO: [ view_parse ] --START--
INFO: [ template_filter ] --START--
INFO: Run Behavior\ContentReplace [ RunTime:0.000165s ]
INFO: [ template_filter ] --END-- [ RunTime:0.000229s ]
NOTIC: [8] Undefined index: reply_model /alidata/www/phpwind/mysipo_video/Runtime/Cache/Admin/2c556c0925dd5786e085636c7a7690ea.php 第 297 行.
INFO: Run Behavior\ParseTemplate [ RunTime:0.021678s ]
INFO: [ view_parse ] --END-- [ RunTime:0.021729s ]
INFO: [ view_filter ] --START--
INFO: Run Behavior\WriteHtmlCache [ RunTime:0.000139s ]
INFO: [ view_filter ] --END-- [ RunTime:0.000179s ]
INFO: [ app_end ] --START--
INFO: Run Behavior\ShowPageTrace [ RunTime:0.000395s ]
INFO: [ app_end ] --END-- [ RunTime:0.000445s ]

[ 2016-03-22T17:45:22+08:00 ] 61.50.123.26 /mysipo_video/index.php?s=/Admin/Class/index/cate_id/45/p/2.html
NOTIC: [8192] mysql_connect(): The mysql extension is deprecated and will be removed in the future: use mysqli or PDO instead /alidata/www/phpwind/mysipo_video/ThinkPHP/Library/Think/Db/Driver/Mysql.class.php 第 52 行.
SQL: SHOW COLUMNS FROM `lesson_menu` [ RunTime:0.000712s ]
SQL: SELECT * FROM `lesson_menu` WHERE ( `pid` = 0 ) AND ( `hide` = 0 ) AND ( `is_dev` = 0 ) ORDER BY sort asc  [ RunTime:0.000335s ]
SQL: SELECT `id` FROM `lesson_menu` WHERE ( url like '%Class/index%' ) LIMIT 1   [ RunTime:0.000246s ]
SQL: SHOW COLUMNS FROM `lesson_auth_group_access` [ RunTime:0.000402s ]
SQL: SELECT `extend_id` FROM lesson_auth_group_access g INNER JOIN lesson_auth_extend c on g.group_id=c.group_id  WHERE ( g.uid='107901' and c.type='1' and !isnull(extend_id) )  [ RunTime:0.000246s ]
SQL: SHOW COLUMNS FROM `lesson_category` [ RunTime:0.000584s ]
SQL: SELECT `id`,`title`,`pid`,`allow_publish`,`url`,`name` FROM `lesson_category` WHERE ( `status` = 1 ) ORDER BY pid,sort  [ RunTime:0.000213s ]
SQL: SELECT `id`,`title`,`pid` FROM `lesson_category` WHERE ( `status` = 1 ) ORDER BY sort  [ RunTime:0.000400s ]
SQL: SHOW COLUMNS FROM `lesson_class` [ RunTime:0.000655s ]
SQL: SELECT COUNT(*) AS tp_count FROM `lesson_class` LIMIT 1   [ RunTime:0.000127s ]
SQL: SELECT `cl_id`,`cl_title`,`cl_subtitle`,`cl_tag`,`cl_desc`,`cl_sort`,`cl_time` FROM `lesson_class` ORDER BY cl_id desc LIMIT 10,10   [ RunTime:0.000200s ]
INFO: [ view_parse ] --START--
INFO: [ template_filter ] --START--
INFO: Run Behavior\ContentReplace [ RunTime:0.000137s ]
INFO: [ template_filter ] --END-- [ RunTime:0.000203s ]
INFO: Run Behavior\ParseTemplate [ RunTime:0.021739s ]
INFO: [ view_parse ] --END-- [ RunTime:0.021789s ]
INFO: [ view_filter ] --START--
INFO: Run Behavior\WriteHtmlCache [ RunTime:0.000148s ]
INFO: [ view_filter ] --END-- [ RunTime:0.000203s ]
INFO: [ app_end ] --START--
INFO: Run Behavior\ShowPageTrace [ RunTime:0.000406s ]
INFO: [ app_end ] --END-- [ RunTime:0.000456s ]

[ 2016-03-22T17:45:23+08:00 ] 61.50.123.26 /mysipo_video/index.php?s=/Admin/Class/index/cate_id/45/p/1.html
NOTIC: [8192] mysql_connect(): The mysql extension is deprecated and will be removed in the future: use mysqli or PDO instead /alidata/www/phpwind/mysipo_video/ThinkPHP/Library/Think/Db/Driver/Mysql.class.php 第 52 行.
SQL: SHOW COLUMNS FROM `lesson_menu` [ RunTime:0.000723s ]
SQL: SELECT * FROM `lesson_menu` WHERE ( `pid` = 0 ) AND ( `hide` = 0 ) AND ( `is_dev` = 0 ) ORDER BY sort asc  [ RunTime:0.000337s ]
SQL: SELECT `id` FROM `lesson_menu` WHERE ( url like '%Class/index%' ) LIMIT 1   [ RunTime:0.000243s ]
SQL: SHOW COLUMNS FROM `lesson_auth_group_access` [ RunTime:0.000399s ]
SQL: SELECT `extend_id` FROM lesson_auth_group_access g INNER JOIN lesson_auth_extend c on g.group_id=c.group_id  WHERE ( g.uid='107901' and c.type='1' and !isnull(extend_id) )  [ RunTime:0.000230s ]
SQL: SHOW COLUMNS FROM `lesson_category` [ RunTime:0.000588s ]
SQL: SELECT `id`,`title`,`pid`,`allow_publish`,`url`,`name` FROM `lesson_category` WHERE ( `status` = 1 ) ORDER BY pid,sort  [ RunTime:0.000234s ]
SQL: SELECT `id`,`title`,`pid` FROM `lesson_category` WHERE ( `status` = 1 ) ORDER BY sort  [ RunTime:0.000179s ]
SQL: SHOW COLUMNS FROM `lesson_class` [ RunTime:0.000456s ]
SQL: SELECT COUNT(*) AS tp_count FROM `lesson_class` LIMIT 1   [ RunTime:0.000122s ]
SQL: SELECT `cl_id`,`cl_title`,`cl_subtitle`,`cl_tag`,`cl_desc`,`cl_sort`,`cl_time` FROM `lesson_class` ORDER BY cl_id desc LIMIT 0,10   [ RunTime:0.000198s ]
INFO: [ view_parse ] --START--
INFO: [ template_filter ] --START--
INFO: Run Behavior\ContentReplace [ RunTime:0.000147s ]
INFO: [ template_filter ] --END-- [ RunTime:0.000220s ]
INFO: Run Behavior\ParseTemplate [ RunTime:0.022382s ]
INFO: [ view_parse ] --END-- [ RunTime:0.022433s ]
INFO: [ view_filter ] --START--
INFO: Run Behavior\WriteHtmlCache [ RunTime:0.000128s ]
INFO: [ view_filter ] --END-- [ RunTime:0.000170s ]
INFO: [ app_end ] --START--
INFO: Run Behavior\ShowPageTrace [ RunTime:0.000378s ]
INFO: [ app_end ] --END-- [ RunTime:0.000426s ]

[ 2016-03-22T17:45:25+08:00 ] 61.50.123.26 /mysipo_video/index.php?s=/Admin/Class/index/cate_id/45/p/2.html
NOTIC: [8192] mysql_connect(): The mysql extension is deprecated and will be removed in the future: use mysqli or PDO instead /alidata/www/phpwind/mysipo_video/ThinkPHP/Library/Think/Db/Driver/Mysql.class.php 第 52 行.
SQL: SHOW COLUMNS FROM `lesson_menu` [ RunTime:0.000741s ]
SQL: SELECT * FROM `lesson_menu` WHERE ( `pid` = 0 ) AND ( `hide` = 0 ) AND ( `is_dev` = 0 ) ORDER BY sort asc  [ RunTime:0.000320s ]
SQL: SELECT `id` FROM `lesson_menu` WHERE ( url like '%Class/index%' ) LIMIT 1   [ RunTime:0.000255s ]
SQL: SHOW COLUMNS FROM `lesson_auth_group_access` [ RunTime:0.000427s ]
SQL: SELECT `extend_id` FROM lesson_auth_group_access g INNER JOIN lesson_auth_extend c on g.group_id=c.group_id  WHERE ( g.uid='107901' and c.type='1' and !isnull(extend_id) )  [ RunTime:0.000227s ]
SQL: SHOW COLUMNS FROM `lesson_category` [ RunTime:0.000629s ]
SQL: SELECT `id`,`title`,`pid`,`allow_publish`,`url`,`name` FROM `lesson_category` WHERE ( `status` = 1 ) ORDER BY pid,sort  [ RunTime:0.000206s ]
SQL: SELECT `id`,`title`,`pid` FROM `lesson_category` WHERE ( `status` = 1 ) ORDER BY sort  [ RunTime:0.000192s ]
SQL: SHOW COLUMNS FROM `lesson_class` [ RunTime:0.000440s ]
SQL: SELECT COUNT(*) AS tp_count FROM `lesson_class` LIMIT 1   [ RunTime:0.000160s ]
SQL: SELECT `cl_id`,`cl_title`,`cl_subtitle`,`cl_tag`,`cl_desc`,`cl_sort`,`cl_time` FROM `lesson_class` ORDER BY cl_id desc LIMIT 10,10   [ RunTime:0.000213s ]
INFO: [ view_parse ] --START--
INFO: [ template_filter ] --START--
INFO: Run Behavior\ContentReplace [ RunTime:0.000134s ]
INFO: [ template_filter ] --END-- [ RunTime:0.000198s ]
INFO: Run Behavior\ParseTemplate [ RunTime:0.020536s ]
INFO: [ view_parse ] --END-- [ RunTime:0.020586s ]
INFO: [ view_filter ] --START--
INFO: Run Behavior\WriteHtmlCache [ RunTime:0.000124s ]
INFO: [ view_filter ] --END-- [ RunTime:0.000164s ]
INFO: [ app_end ] --START--
INFO: Run Behavior\ShowPageTrace [ RunTime:0.000425s ]
INFO: [ app_end ] --END-- [ RunTime:0.000510s ]

[ 2016-03-22T17:45:27+08:00 ] 61.50.123.26 /mysipo_video/index.php?s=/Admin/Class/index/cate_id/45/p/1.html
NOTIC: [8192] mysql_connect(): The mysql extension is deprecated and will be removed in the future: use mysqli or PDO instead /alidata/www/phpwind/mysipo_video/ThinkPHP/Library/Think/Db/Driver/Mysql.class.php 第 52 行.
SQL: SHOW COLUMNS FROM `lesson_menu` [ RunTime:0.000700s ]
SQL: SELECT * FROM `lesson_menu` WHERE ( `pid` = 0 ) AND ( `hide` = 0 ) AND ( `is_dev` = 0 ) ORDER BY sort asc  [ RunTime:0.000320s ]
SQL: SELECT `id` FROM `lesson_menu` WHERE ( url like '%Class/index%' ) LIMIT 1   [ RunTime:0.000247s ]
SQL: SHOW COLUMNS FROM `lesson_auth_group_access` [ RunTime:0.000404s ]
SQL: SELECT `extend_id` FROM lesson_auth_group_access g INNER JOIN lesson_auth_extend c on g.group_id=c.group_id  WHERE ( g.uid='107901' and c.type='1' and !isnull(extend_id) )  [ RunTime:0.000227s ]
SQL: SHOW COLUMNS FROM `lesson_category` [ RunTime:0.000613s ]
SQL: SELECT `id`,`title`,`pid`,`allow_publish`,`url`,`name` FROM `lesson_category` WHERE ( `status` = 1 ) ORDER BY pid,sort  [ RunTime:0.000225s ]
SQL: SELECT `id`,`title`,`pid` FROM `lesson_category` WHERE ( `status` = 1 ) ORDER BY sort  [ RunTime:0.000175s ]
SQL: SHOW COLUMNS FROM `lesson_class` [ RunTime:0.000516s ]
SQL: SELECT COUNT(*) AS tp_count FROM `lesson_class` LIMIT 1   [ RunTime:0.000122s ]
SQL: SELECT `cl_id`,`cl_title`,`cl_subtitle`,`cl_tag`,`cl_desc`,`cl_sort`,`cl_time` FROM `lesson_class` ORDER BY cl_id desc LIMIT 0,10   [ RunTime:0.000201s ]
INFO: [ view_parse ] --START--
INFO: [ template_filter ] --START--
INFO: Run Behavior\ContentReplace [ RunTime:0.000149s ]
INFO: [ template_filter ] --END-- [ RunTime:0.000218s ]
INFO: Run Behavior\ParseTemplate [ RunTime:0.022039s ]
INFO: [ view_parse ] --END-- [ RunTime:0.022092s ]
INFO: [ view_filter ] --START--
INFO: Run Behavior\WriteHtmlCache [ RunTime:0.000124s ]
INFO: [ view_filter ] --END-- [ RunTime:0.000166s ]
INFO: [ app_end ] --START--
INFO: Run Behavior\ShowPageTrace [ RunTime:0.000377s ]
INFO: [ app_end ] --END-- [ RunTime:0.000430s ]

[ 2016-03-22T17:45:29+08:00 ] 61.50.123.26 /mysipo_video/index.php?s=/Admin/Class/index/cate_id/45/p/2.html
NOTIC: [8192] mysql_connect(): The mysql extension is deprecated and will be removed in the future: use mysqli or PDO instead /alidata/www/phpwind/mysipo_video/ThinkPHP/Library/Think/Db/Driver/Mysql.class.php 第 52 行.
SQL: SHOW COLUMNS FROM `lesson_menu` [ RunTime:0.000703s ]
SQL: SELECT * FROM `lesson_menu` WHERE ( `pid` = 0 ) AND ( `hide` = 0 ) AND ( `is_dev` = 0 ) ORDER BY sort asc  [ RunTime:0.000332s ]
SQL: SELECT `id` FROM `lesson_menu` WHERE ( url like '%Class/index%' ) LIMIT 1   [ RunTime:0.000246s ]
SQL: SHOW COLUMNS FROM `lesson_auth_group_access` [ RunTime:0.000400s ]
SQL: SELECT `extend_id` FROM lesson_auth_group_access g INNER JOIN lesson_auth_extend c on g.group_id=c.group_id  WHERE ( g.uid='107901' and c.type='1' and !isnull(extend_id) )  [ RunTime:0.000228s ]
SQL: SHOW COLUMNS FROM `lesson_category` [ RunTime:0.000585s ]
SQL: SELECT `id`,`title`,`pid`,`allow_publish`,`url`,`name` FROM `lesson_category` WHERE ( `status` = 1 ) ORDER BY pid,sort  [ RunTime:0.000424s ]
SQL: SELECT `id`,`title`,`pid` FROM `lesson_category` WHERE ( `status` = 1 ) ORDER BY sort  [ RunTime:0.000174s ]
SQL: SHOW COLUMNS FROM `lesson_class` [ RunTime:0.000436s ]
SQL: SELECT COUNT(*) AS tp_count FROM `lesson_class` LIMIT 1   [ RunTime:0.000122s ]
SQL: SELECT `cl_id`,`cl_title`,`cl_subtitle`,`cl_tag`,`cl_desc`,`cl_sort`,`cl_time` FROM `lesson_class` ORDER BY cl_id desc LIMIT 10,10   [ RunTime:0.000195s ]
INFO: [ view_parse ] --START--
INFO: [ template_filter ] --START--
INFO: Run Behavior\ContentReplace [ RunTime:0.000145s ]
INFO: [ template_filter ] --END-- [ RunTime:0.000235s ]
INFO: Run Behavior\ParseTemplate [ RunTime:0.021196s ]
INFO: [ view_parse ] --END-- [ RunTime:0.021266s ]
INFO: [ view_filter ] --START--
INFO: Run Behavior\WriteHtmlCache [ RunTime:0.000126s ]
INFO: [ view_filter ] --END-- [ RunTime:0.000167s ]
INFO: [ app_end ] --START--
INFO: Run Behavior\ShowPageTrace [ RunTime:0.000381s ]
INFO: [ app_end ] --END-- [ RunTime:0.000434s ]

[ 2016-03-22T17:45:31+08:00 ] 61.50.123.26 /mysipo_video/index.php?s=/Admin/Class/index/cate_id/45/p/1.html
NOTIC: [8192] mysql_connect(): The mysql extension is deprecated and will be removed in the future: use mysqli or PDO instead /alidata/www/phpwind/mysipo_video/ThinkPHP/Library/Think/Db/Driver/Mysql.class.php 第 52 行.
SQL: SHOW COLUMNS FROM `lesson_menu` [ RunTime:0.000713s ]
SQL: SELECT * FROM `lesson_menu` WHERE ( `pid` = 0 ) AND ( `hide` = 0 ) AND ( `is_dev` = 0 ) ORDER BY sort asc  [ RunTime:0.000324s ]
SQL: SELECT `id` FROM `lesson_menu` WHERE ( url like '%Class/index%' ) LIMIT 1   [ RunTime:0.000309s ]
SQL: SHOW COLUMNS FROM `lesson_auth_group_access` [ RunTime:0.000455s ]
SQL: SELECT `extend_id` FROM lesson_auth_group_access g INNER JOIN lesson_auth_extend c on g.group_id=c.group_id  WHERE ( g.uid='107901' and c.type='1' and !isnull(extend_id) )  [ RunTime:0.000228s ]
SQL: SHOW COLUMNS FROM `lesson_category` [ RunTime:0.000705s ]
SQL: SELECT `id`,`title`,`pid`,`allow_publish`,`url`,`name` FROM `lesson_category` WHERE ( `status` = 1 ) ORDER BY pid,sort  [ RunTime:0.000227s ]
SQL: SELECT `id`,`title`,`pid` FROM `lesson_category` WHERE ( `status` = 1 ) ORDER BY sort  [ RunTime:0.000183s ]
SQL: SHOW COLUMNS FROM `lesson_class` [ RunTime:0.000467s ]
SQL: SELECT COUNT(*) AS tp_count FROM `lesson_class` LIMIT 1   [ RunTime:0.000122s ]
SQL: SELECT `cl_id`,`cl_title`,`cl_subtitle`,`cl_tag`,`cl_desc`,`cl_sort`,`cl_time` FROM `lesson_class` ORDER BY cl_id desc LIMIT 0,10   [ RunTime:0.000201s ]
INFO: [ view_parse ] --START--
INFO: [ template_filter ] --START--
INFO: Run Behavior\ContentReplace [ RunTime:0.000155s ]
INFO: [ template_filter ] --END-- [ RunTime:0.000222s ]
INFO: Run Behavior\ParseTemplate [ RunTime:0.023014s ]
INFO: [ view_parse ] --END-- [ RunTime:0.023071s ]
INFO: [ view_filter ] --START--
INFO: Run Behavior\WriteHtmlCache [ RunTime:0.000126s ]
INFO: [ view_filter ] --END-- [ RunTime:0.000167s ]
INFO: [ app_end ] --START--
INFO: Run Behavior\ShowPageTrace [ RunTime:0.000377s ]
INFO: [ app_end ] --END-- [ RunTime:0.000430s ]

[ 2016-03-22T17:45:32+08:00 ] 61.50.123.26 /mysipo_video/index.php?s=/Admin/Class/index/cate_id/45/p/2.html
NOTIC: [8192] mysql_connect(): The mysql extension is deprecated and will be removed in the future: use mysqli or PDO instead /alidata/www/phpwind/mysipo_video/ThinkPHP/Library/Think/Db/Driver/Mysql.class.php 第 52 行.
SQL: SHOW COLUMNS FROM `lesson_menu` [ RunTime:0.000706s ]
SQL: SELECT * FROM `lesson_menu` WHERE ( `pid` = 0 ) AND ( `hide` = 0 ) AND ( `is_dev` = 0 ) ORDER BY sort asc  [ RunTime:0.000315s ]
SQL: SELECT `id` FROM `lesson_menu` WHERE ( url like '%Class/index%' ) LIMIT 1   [ RunTime:0.000265s ]
SQL: SHOW COLUMNS FROM `lesson_auth_group_access` [ RunTime:0.000430s ]
SQL: SELECT `extend_id` FROM lesson_auth_group_access g INNER JOIN lesson_auth_extend c on g.group_id=c.group_id  WHERE ( g.uid='107901' and c.type='1' and !isnull(extend_id) )  [ RunTime:0.000227s ]
SQL: SHOW COLUMNS FROM `lesson_category` [ RunTime:0.000611s ]
SQL: SELECT `id`,`title`,`pid`,`allow_publish`,`url`,`name` FROM `lesson_category` WHERE ( `status` = 1 ) ORDER BY pid,sort  [ RunTime:0.000205s ]
SQL: SELECT `id`,`title`,`pid` FROM `lesson_category` WHERE ( `status` = 1 ) ORDER BY sort  [ RunTime:0.000173s ]
SQL: SHOW COLUMNS FROM `lesson_class` [ RunTime:0.000458s ]
SQL: SELECT COUNT(*) AS tp_count FROM `lesson_class` LIMIT 1   [ RunTime:0.000121s ]
SQL: SELECT `cl_id`,`cl_title`,`cl_subtitle`,`cl_tag`,`cl_desc`,`cl_sort`,`cl_time` FROM `lesson_class` ORDER BY cl_id desc LIMIT 10,10   [ RunTime:0.000214s ]
INFO: [ view_parse ] --START--
INFO: [ template_filter ] --START--
INFO: Run Behavior\ContentReplace [ RunTime:0.000142s ]
INFO: [ template_filter ] --END-- [ RunTime:0.000197s ]
INFO: Run Behavior\ParseTemplate [ RunTime:0.022808s ]
INFO: [ view_parse ] --END-- [ RunTime:0.022875s ]
INFO: [ view_filter ] --START--
INFO: Run Behavior\WriteHtmlCache [ RunTime:0.000159s ]
INFO: [ view_filter ] --END-- [ RunTime:0.000219s ]
INFO: [ app_end ] --START--
INFO: Run Behavior\ShowPageTrace [ RunTime:0.000614s ]
INFO: [ app_end ] --END-- [ RunTime:0.000690s ]

[ 2016-03-22T17:45:34+08:00 ] 61.50.123.26 /mysipo_video/index.php?s=/Admin/Payinfo/index.html&cate_id=49
NOTIC: [8192] mysql_connect(): The mysql extension is deprecated and will be removed in the future: use mysqli or PDO instead /alidata/www/phpwind/mysipo_video/ThinkPHP/Library/Think/Db/Driver/Mysql.class.php 第 52 行.
SQL: SHOW COLUMNS FROM `lesson_menu` [ RunTime:0.000769s ]
SQL: SELECT * FROM `lesson_menu` WHERE ( `pid` = 0 ) AND ( `hide` = 0 ) AND ( `is_dev` = 0 ) ORDER BY sort asc  [ RunTime:0.000340s ]
SQL: SELECT `id` FROM `lesson_menu` WHERE ( url like '%Payinfo/index%' ) LIMIT 1   [ RunTime:0.000244s ]
SQL: SHOW COLUMNS FROM `lesson_auth_group_access` [ RunTime:0.000421s ]
SQL: SELECT `extend_id` FROM lesson_auth_group_access g INNER JOIN lesson_auth_extend c on g.group_id=c.group_id  WHERE ( g.uid='107901' and c.type='1' and !isnull(extend_id) )  [ RunTime:0.000253s ]
SQL: SHOW COLUMNS FROM `lesson_category` [ RunTime:0.000598s ]
SQL: SELECT `id`,`title`,`pid`,`allow_publish`,`url`,`name` FROM `lesson_category` WHERE ( `status` = 1 ) ORDER BY pid,sort  [ RunTime:0.000234s ]
SQL: SELECT `id`,`title`,`pid` FROM `lesson_category` WHERE ( `status` = 1 ) ORDER BY sort  [ RunTime:0.000189s ]
SQL: SHOW COLUMNS FROM `lesson_order` [ RunTime:0.000490s ]
SQL: SELECT COUNT(*) AS tp_count FROM `lesson_order` WHERE ( `status` >= 0 ) LIMIT 1   [ RunTime:0.000249s ]
SQL: SELECT `order_on`,`uid`,`uname`,`telphone`,`pay_real`,`pay_amout`,`pay_channels`,`pay_code`,`lesson_type`,`lesson_id`,`status`,`admin_id`,`description`,`failure_time`,`pay_time` FROM `lesson_order` WHERE ( `status` >= 0 ) ORDER BY order_on desc LIMIT 0,10   [ RunTime:0.000251s ]
INFO: [ view_parse ] --START--
INFO: [ template_filter ] --START--
INFO: Run Behavior\ContentReplace [ RunTime:0.000145s ]
INFO: [ template_filter ] --END-- [ RunTime:0.000222s ]
NOTIC: [8] Use of undefined constant admin_id - assumed 'admin_id' /alidata/www/phpwind/mysipo_video/Runtime/Cache/Admin/3137ab26088edbe96d4820189b2a2592.php 第 162 行.
NOTIC: [8] Use of undefined constant admin_id - assumed 'admin_id' /alidata/www/phpwind/mysipo_video/Runtime/Cache/Admin/3137ab26088edbe96d4820189b2a2592.php 第 162 行.
NOTIC: [8] Use of undefined constant admin_id - assumed 'admin_id' /alidata/www/phpwind/mysipo_video/Runtime/Cache/Admin/3137ab26088edbe96d4820189b2a2592.php 第 162 行.
NOTIC: [8] Use of undefined constant admin_id - assumed 'admin_id' /alidata/www/phpwind/mysipo_video/Runtime/Cache/Admin/3137ab26088edbe96d4820189b2a2592.php 第 162 行.
NOTIC: [8] Use of undefined constant admin_id - assumed 'admin_id' /alidata/www/phpwind/mysipo_video/Runtime/Cache/Admin/3137ab26088edbe96d4820189b2a2592.php 第 162 行.
NOTIC: [8] Use of undefined constant admin_id - assumed 'admin_id' /alidata/www/phpwind/mysipo_video/Runtime/Cache/Admin/3137ab26088edbe96d4820189b2a2592.php 第 162 行.
NOTIC: [8] Use of undefined constant admin_id - assumed 'admin_id' /alidata/www/phpwind/mysipo_video/Runtime/Cache/Admin/3137ab26088edbe96d4820189b2a2592.php 第 162 行.
NOTIC: [8] Use of undefined constant admin_id - assumed 'admin_id' /alidata/www/phpwind/mysipo_video/Runtime/Cache/Admin/3137ab26088edbe96d4820189b2a2592.php 第 162 行.
NOTIC: [8] Use of undefined constant admin_id - assumed 'admin_id' /alidata/www/phpwind/mysipo_video/Runtime/Cache/Admin/3137ab26088edbe96d4820189b2a2592.php 第 162 行.
NOTIC: [8] Use of undefined constant admin_id - assumed 'admin_id' /alidata/www/phpwind/mysipo_video/Runtime/Cache/Admin/3137ab26088edbe96d4820189b2a2592.php 第 162 行.
INFO: Run Behavior\ParseTemplate [ RunTime:0.037469s ]
INFO: [ view_parse ] --END-- [ RunTime:0.037521s ]
INFO: [ view_filter ] --START--
INFO: Run Behavior\WriteHtmlCache [ RunTime:0.000117s ]
INFO: [ view_filter ] --END-- [ RunTime:0.000159s ]
INFO: [ app_end ] --START--
INFO: Run Behavior\ShowPageTrace [ RunTime:0.000389s ]
INFO: [ app_end ] --END-- [ RunTime:0.000441s ]

[ 2016-03-22T17:45:34+08:00 ] 61.50.123.26 /mysipo_video/index.php?s=/Admin/Class/index/cate_id/45/p/1.html
NOTIC: [8192] mysql_connect(): The mysql extension is deprecated and will be removed in the future: use mysqli or PDO instead /alidata/www/phpwind/mysipo_video/ThinkPHP/Library/Think/Db/Driver/Mysql.class.php 第 52 行.
SQL: SHOW COLUMNS FROM `lesson_menu` [ RunTime:0.000756s ]
SQL: SELECT * FROM `lesson_menu` WHERE ( `pid` = 0 ) AND ( `hide` = 0 ) AND ( `is_dev` = 0 ) ORDER BY sort asc  [ RunTime:0.000340s ]
SQL: SELECT `id` FROM `lesson_menu` WHERE ( url like '%Class/index%' ) LIMIT 1   [ RunTime:0.000245s ]
SQL: SHOW COLUMNS FROM `lesson_auth_group_access` [ RunTime:0.000400s ]
SQL: SELECT `extend_id` FROM lesson_auth_group_access g INNER JOIN lesson_auth_extend c on g.group_id=c.group_id  WHERE ( g.uid='107901' and c.type='1' and !isnull(extend_id) )  [ RunTime:0.000226s ]
SQL: SHOW COLUMNS FROM `lesson_category` [ RunTime:0.000600s ]
SQL: SELECT `id`,`title`,`pid`,`allow_publish`,`url`,`name` FROM `lesson_category` WHERE ( `status` = 1 ) ORDER BY pid,sort  [ RunTime:0.000236s ]
SQL: SELECT `id`,`title`,`pid` FROM `lesson_category` WHERE ( `status` = 1 ) ORDER BY sort  [ RunTime:0.000174s ]
SQL: SHOW COLUMNS FROM `lesson_class` [ RunTime:0.000456s ]
SQL: SELECT COUNT(*) AS tp_count FROM `lesson_class` LIMIT 1   [ RunTime:0.000122s ]
SQL: SELECT `cl_id`,`cl_title`,`cl_subtitle`,`cl_tag`,`cl_desc`,`cl_sort`,`cl_time` FROM `lesson_class` ORDER BY cl_id desc LIMIT 0,10   [ RunTime:0.000202s ]
INFO: [ view_parse ] --START--
INFO: [ template_filter ] --START--
INFO: Run Behavior\ContentReplace [ RunTime:0.000136s ]
INFO: [ template_filter ] --END-- [ RunTime:0.000193s ]
INFO: Run Behavior\ParseTemplate [ RunTime:0.022062s ]
INFO: [ view_parse ] --END-- [ RunTime:0.022116s ]
INFO: [ view_filter ] --START--
INFO: Run Behavior\WriteHtmlCache [ RunTime:0.000113s ]
INFO: [ view_filter ] --END-- [ RunTime:0.000155s ]
INFO: [ app_end ] --START--
INFO: Run Behavior\ShowPageTrace [ RunTime:0.000380s ]
INFO: [ app_end ] --END-- [ RunTime:0.000430s ]

[ 2016-03-22T17:45:36+08:00 ] 61.50.123.26 /mysipo_video/index.php?s=/Admin/Class/index/cate_id/45/p/2.html
NOTIC: [8192] mysql_connect(): The mysql extension is deprecated and will be removed in the future: use mysqli or PDO instead /alidata/www/phpwind/mysipo_video/ThinkPHP/Library/Think/Db/Driver/Mysql.class.php 第 52 行.
SQL: SHOW COLUMNS FROM `lesson_menu` [ RunTime:0.000707s ]
SQL: SELECT * FROM `lesson_menu` WHERE ( `pid` = 0 ) AND ( `hide` = 0 ) AND ( `is_dev` = 0 ) ORDER BY sort asc  [ RunTime:0.000335s ]
SQL: SELECT `id` FROM `lesson_menu` WHERE ( url like '%Class/index%' ) LIMIT 1   [ RunTime:0.000245s ]
SQL: SHOW COLUMNS FROM `lesson_auth_group_access` [ RunTime:0.000403s ]
SQL: SELECT `extend_id` FROM lesson_auth_group_access g INNER JOIN lesson_auth_extend c on g.group_id=c.group_id  WHERE ( g.uid='107901' and c.type='1' and !isnull(extend_id) )  [ RunTime:0.000228s ]
SQL: SHOW COLUMNS FROM `lesson_category` [ RunTime:0.000594s ]
SQL: SELECT `id`,`title`,`pid`,`allow_publish`,`url`,`name` FROM `lesson_category` WHERE ( `status` = 1 ) ORDER BY pid,sort  [ RunTime:0.000228s ]
SQL: SELECT `id`,`title`,`pid` FROM `lesson_category` WHERE ( `status` = 1 ) ORDER BY sort  [ RunTime:0.000176s ]
SQL: SHOW COLUMNS FROM `lesson_class` [ RunTime:0.000635s ]
SQL: SELECT COUNT(*) AS tp_count FROM `lesson_class` LIMIT 1   [ RunTime:0.000125s ]
SQL: SELECT `cl_id`,`cl_title`,`cl_subtitle`,`cl_tag`,`cl_desc`,`cl_sort`,`cl_time` FROM `lesson_class` ORDER BY cl_id desc LIMIT 10,10   [ RunTime:0.000194s ]
INFO: [ view_parse ] --START--
INFO: [ template_filter ] --START--
INFO: Run Behavior\ContentReplace [ RunTime:0.000145s ]
INFO: [ template_filter ] --END-- [ RunTime:0.000219s ]
INFO: Run Behavior\ParseTemplate [ RunTime:0.020977s ]
INFO: [ view_parse ] --END-- [ RunTime:0.021028s ]
INFO: [ view_filter ] --START--
INFO: Run Behavior\WriteHtmlCache [ RunTime:0.000147s ]
INFO: [ view_filter ] --END-- [ RunTime:0.000187s ]
INFO: [ app_end ] --START--
INFO: Run Behavior\ShowPageTrace [ RunTime:0.000375s ]
INFO: [ app_end ] --END-- [ RunTime:0.000427s ]

[ 2016-03-22T17:45:38+08:00 ] 61.50.123.26 /mysipo_video/index.php?s=/Admin/Class/index/cate_id/45/p/1.html
NOTIC: [8192] mysql_connect(): The mysql extension is deprecated and will be removed in the future: use mysqli or PDO instead /alidata/www/phpwind/mysipo_video/ThinkPHP/Library/Think/Db/Driver/Mysql.class.php 第 52 行.
SQL: SHOW COLUMNS FROM `lesson_menu` [ RunTime:0.000705s ]
SQL: SELECT * FROM `lesson_menu` WHERE ( `pid` = 0 ) AND ( `hide` = 0 ) AND ( `is_dev` = 0 ) ORDER BY sort asc  [ RunTime:0.000317s ]
SQL: SELECT `id` FROM `lesson_menu` WHERE ( url like '%Class/index%' ) LIMIT 1   [ RunTime:0.000243s ]
SQL: SHOW COLUMNS FROM `lesson_auth_group_access` [ RunTime:0.000400s ]
SQL: SELECT `extend_id` FROM lesson_auth_group_access g INNER JOIN lesson_auth_extend c on g.group_id=c.group_id  WHERE ( g.uid='107901' and c.type='1' and !isnull(extend_id) )  [ RunTime:0.000227s ]
SQL: SHOW COLUMNS FROM `lesson_category` [ RunTime:0.000583s ]
SQL: SELECT `id`,`title`,`pid`,`allow_publish`,`url`,`name` FROM `lesson_category` WHERE ( `status` = 1 ) ORDER BY pid,sort  [ RunTime:0.000264s ]
SQL: SELECT `id`,`title`,`pid` FROM `lesson_category` WHERE ( `status` = 1 ) ORDER BY sort  [ RunTime:0.000176s ]
SQL: SHOW COLUMNS FROM `lesson_class` [ RunTime:0.000433s ]
SQL: SELECT COUNT(*) AS tp_count FROM `lesson_class` LIMIT 1   [ RunTime:0.000141s ]
SQL: SELECT `cl_id`,`cl_title`,`cl_subtitle`,`cl_tag`,`cl_desc`,`cl_sort`,`cl_time` FROM `lesson_class` ORDER BY cl_id desc LIMIT 0,10   [ RunTime:0.000199s ]
INFO: [ view_parse ] --START--
INFO: [ template_filter ] --START--
INFO: Run Behavior\ContentReplace [ RunTime:0.000172s ]
INFO: [ template_filter ] --END-- [ RunTime:0.000245s ]
INFO: Run Behavior\ParseTemplate [ RunTime:0.021875s ]
INFO: [ view_parse ] --END-- [ RunTime:0.021947s ]
INFO: [ view_filter ] --START--
INFO: Run Behavior\WriteHtmlCache [ RunTime:0.000134s ]
INFO: [ view_filter ] --END-- [ RunTime:0.000177s ]
INFO: [ app_end ] --START--
INFO: Run Behavior\ShowPageTrace [ RunTime:0.000389s ]
INFO: [ app_end ] --END-- [ RunTime:0.000442s ]

[ 2016-03-22T17:45:45+08:00 ] 61.50.123.26 /mysipo_video/index.php?s=/Admin/Payinfo/edit/id/20000258.html
NOTIC: [8192] mysql_connect(): The mysql extension is deprecated and will be removed in the future: use mysqli or PDO instead /alidata/www/phpwind/mysipo_video/ThinkPHP/Library/Think/Db/Driver/Mysql.class.php 第 52 行.
SQL: SHOW COLUMNS FROM `lesson_menu` [ RunTime:0.000709s ]
SQL: SELECT * FROM `lesson_menu` WHERE ( `pid` = 0 ) AND ( `hide` = 0 ) AND ( `is_dev` = 0 ) ORDER BY sort asc  [ RunTime:0.000320s ]
SQL: SELECT `id` FROM `lesson_menu` WHERE ( url like '%Payinfo/edit%' ) LIMIT 1   [ RunTime:0.000243s ]
SQL: SHOW COLUMNS FROM `lesson_auth_group_access` [ RunTime:0.000401s ]
SQL: SELECT `extend_id` FROM lesson_auth_group_access g INNER JOIN lesson_auth_extend c on g.group_id=c.group_id  WHERE ( g.uid='107901' and c.type='1' and !isnull(extend_id) )  [ RunTime:0.000230s ]
SQL: SHOW COLUMNS FROM `lesson_category` [ RunTime:0.000606s ]
SQL: SELECT `id`,`title`,`pid`,`allow_publish`,`url`,`name` FROM `lesson_category` WHERE ( `status` = 1 ) ORDER BY pid,sort  [ RunTime:0.000224s ]
SQL: SELECT `id`,`title`,`pid` FROM `lesson_category` WHERE ( `status` = 1 ) ORDER BY sort  [ RunTime:0.000173s ]
SQL: SHOW COLUMNS FROM `lesson_order` [ RunTime:0.000519s ]
SQL: SELECT * FROM `lesson_order` WHERE ( `order_on` = 20000258 ) LIMIT 1   [ RunTime:0.000207s ]
SQL: SHOW COLUMNS FROM `lesson_series` [ RunTime:0.000488s ]
SQL: SELECT * FROM `lesson_series` ORDER BY ser_id desc  [ RunTime:0.000225s ]
INFO: [ view_parse ] --START--
INFO: [ template_filter ] --START--
INFO: Run Behavior\ContentReplace [ RunTime:0.000158s ]
INFO: [ template_filter ] --END-- [ RunTime:0.000233s ]
NOTIC: [8] Undefined index: reply_model /alidata/www/phpwind/mysipo_video/Runtime/Cache/Admin/2c556c0925dd5786e085636c7a7690ea.php 第 297 行.
INFO: Run Behavior\ParseTemplate [ RunTime:0.020909s ]
INFO: [ view_parse ] --END-- [ RunTime:0.020959s ]
INFO: [ view_filter ] --START--
INFO: Run Behavior\WriteHtmlCache [ RunTime:0.000115s ]
INFO: [ view_filter ] --END-- [ RunTime:0.000177s ]
INFO: [ app_end ] --START--
INFO: Run Behavior\ShowPageTrace [ RunTime:0.000374s ]
INFO: [ app_end ] --END-- [ RunTime:0.000457s ]

[ 2016-03-22T17:49:29+08:00 ] 61.50.123.26 /mysipo_video/index.php?s=/Admin/Payinfo/index/cate_id/49/p/2.html
NOTIC: [8192] mysql_connect(): The mysql extension is deprecated and will be removed in the future: use mysqli or PDO instead /alidata/www/phpwind/mysipo_video/ThinkPHP/Library/Think/Db/Driver/Mysql.class.php 第 52 行.
SQL: SHOW COLUMNS FROM `lesson_menu` [ RunTime:0.000682s ]
SQL: SELECT * FROM `lesson_menu` WHERE ( `pid` = 0 ) AND ( `hide` = 0 ) AND ( `is_dev` = 0 ) ORDER BY sort asc  [ RunTime:0.000317s ]
SQL: SELECT `id` FROM `lesson_menu` WHERE ( url like '%Payinfo/index%' ) LIMIT 1   [ RunTime:0.000243s ]
SQL: SHOW COLUMNS FROM `lesson_auth_group_access` [ RunTime:0.000416s ]
SQL: SELECT `extend_id` FROM lesson_auth_group_access g INNER JOIN lesson_auth_extend c on g.group_id=c.group_id  WHERE ( g.uid='107901' and c.type='1' and !isnull(extend_id) )  [ RunTime:0.000229s ]
SQL: SHOW COLUMNS FROM `lesson_category` [ RunTime:0.000596s ]
SQL: SELECT `id`,`title`,`pid`,`allow_publish`,`url`,`name` FROM `lesson_category` WHERE ( `status` = 1 ) ORDER BY pid,sort  [ RunTime:0.000208s ]
SQL: SELECT `id`,`title`,`pid` FROM `lesson_category` WHERE ( `status` = 1 ) ORDER BY sort  [ RunTime:0.000175s ]
SQL: SHOW COLUMNS FROM `lesson_order` [ RunTime:0.000494s ]
SQL: SELECT COUNT(*) AS tp_count FROM `lesson_order` WHERE ( `status` >= 0 ) LIMIT 1   [ RunTime:0.000221s ]
SQL: SELECT `order_on`,`uid`,`uname`,`telphone`,`pay_real`,`pay_amout`,`pay_channels`,`pay_code`,`lesson_type`,`lesson_id`,`status`,`admin_id`,`description`,`failure_time`,`pay_time` FROM `lesson_order` WHERE ( `status` >= 0 ) ORDER BY order_on desc LIMIT 10,10   [ RunTime:0.000252s ]
INFO: [ view_parse ] --START--
INFO: [ template_filter ] --START--
INFO: Run Behavior\ContentReplace [ RunTime:0.000198s ]
INFO: [ template_filter ] --END-- [ RunTime:0.000255s ]
NOTIC: [8] Use of undefined constant admin_id - assumed 'admin_id' /alidata/www/phpwind/mysipo_video/Runtime/Cache/Admin/3137ab26088edbe96d4820189b2a2592.php 第 162 行.
NOTIC: [8] Use of undefined constant admin_id - assumed 'admin_id' /alidata/www/phpwind/mysipo_video/Runtime/Cache/Admin/3137ab26088edbe96d4820189b2a2592.php 第 162 行.
NOTIC: [8] Use of undefined constant admin_id - assumed 'admin_id' /alidata/www/phpwind/mysipo_video/Runtime/Cache/Admin/3137ab26088edbe96d4820189b2a2592.php 第 162 行.
NOTIC: [8] Use of undefined constant admin_id - assumed 'admin_id' /alidata/www/phpwind/mysipo_video/Runtime/Cache/Admin/3137ab26088edbe96d4820189b2a2592.php 第 162 行.
NOTIC: [8] Use of undefined constant admin_id - assumed 'admin_id' /alidata/www/phpwind/mysipo_video/Runtime/Cache/Admin/3137ab26088edbe96d4820189b2a2592.php 第 162 行.
NOTIC: [8] Use of undefined constant admin_id - assumed 'admin_id' /alidata/www/phpwind/mysipo_video/Runtime/Cache/Admin/3137ab26088edbe96d4820189b2a2592.php 第 162 行.
NOTIC: [8] Use of undefined constant admin_id - assumed 'admin_id' /alidata/www/phpwind/mysipo_video/Runtime/Cache/Admin/3137ab26088edbe96d4820189b2a2592.php 第 162 行.
NOTIC: [8] Use of undefined constant admin_id - assumed 'admin_id' /alidata/www/phpwind/mysipo_video/Runtime/Cache/Admin/3137ab26088edbe96d4820189b2a2592.php 第 162 行.
NOTIC: [8] Use of undefined constant admin_id - assumed 'admin_id' /alidata/www/phpwind/mysipo_video/Runtime/Cache/Admin/3137ab26088edbe96d4820189b2a2592.php 第 162 行.
NOTIC: [8] Use of undefined constant admin_id - assumed 'admin_id' /alidata/www/phpwind/mysipo_video/Runtime/Cache/Admin/3137ab26088edbe96d4820189b2a2592.php 第 162 行.
INFO: Run Behavior\ParseTemplate [ RunTime:0.021615s ]
INFO: [ view_parse ] --END-- [ RunTime:0.021662s ]
INFO: [ view_filter ] --START--
INFO: Run Behavior\WriteHtmlCache [ RunTime:0.000114s ]
INFO: [ view_filter ] --END-- [ RunTime:0.000155s ]
INFO: [ app_end ] --START--
INFO: Run Behavior\ShowPageTrace [ RunTime:0.000373s ]
INFO: [ app_end ] --END-- [ RunTime:0.000424s ]

[ 2016-03-22T17:49:30+08:00 ] 61.50.123.26 /mysipo_video/index.php?s=/Admin/Payinfo/index/cate_id/49/p/9.html
NOTIC: [8192] mysql_connect(): The mysql extension is deprecated and will be removed in the future: use mysqli or PDO instead /alidata/www/phpwind/mysipo_video/ThinkPHP/Library/Think/Db/Driver/Mysql.class.php 第 52 行.
SQL: SHOW COLUMNS FROM `lesson_menu` [ RunTime:0.000709s ]
SQL: SELECT * FROM `lesson_menu` WHERE ( `pid` = 0 ) AND ( `hide` = 0 ) AND ( `is_dev` = 0 ) ORDER BY sort asc  [ RunTime:0.000315s ]
SQL: SELECT `id` FROM `lesson_menu` WHERE ( url like '%Payinfo/index%' ) LIMIT 1   [ RunTime:0.000261s ]
SQL: SHOW COLUMNS FROM `lesson_auth_group_access` [ RunTime:0.000424s ]
SQL: SELECT `extend_id` FROM lesson_auth_group_access g INNER JOIN lesson_auth_extend c on g.group_id=c.group_id  WHERE ( g.uid='107901' and c.type='1' and !isnull(extend_id) )  [ RunTime:0.000227s ]
SQL: SHOW COLUMNS FROM `lesson_category` [ RunTime:0.000665s ]
SQL: SELECT `id`,`title`,`pid`,`allow_publish`,`url`,`name` FROM `lesson_category` WHERE ( `status` = 1 ) ORDER BY pid,sort  [ RunTime:0.000206s ]
SQL: SELECT `id`,`title`,`pid` FROM `lesson_category` WHERE ( `status` = 1 ) ORDER BY sort  [ RunTime:0.000173s ]
SQL: SHOW COLUMNS FROM `lesson_order` [ RunTime:0.000520s ]
SQL: SELECT COUNT(*) AS tp_count FROM `lesson_order` WHERE ( `status` >= 0 ) LIMIT 1   [ RunTime:0.000222s ]
SQL: SELECT `order_on`,`uid`,`uname`,`telphone`,`pay_real`,`pay_amout`,`pay_channels`,`pay_code`,`lesson_type`,`lesson_id`,`status`,`admin_id`,`description`,`failure_time`,`pay_time` FROM `lesson_order` WHERE ( `status` >= 0 ) ORDER BY order_on desc LIMIT 80,10   [ RunTime:0.000278s ]
INFO: [ view_parse ] --START--
INFO: [ template_filter ] --START--
INFO: Run Behavior\ContentReplace [ RunTime:0.000154s ]
INFO: [ template_filter ] --END-- [ RunTime:0.000216s ]
NOTIC: [8] Use of undefined constant admin_id - assumed 'admin_id' /alidata/www/phpwind/mysipo_video/Runtime/Cache/Admin/3137ab26088edbe96d4820189b2a2592.php 第 162 行.
NOTIC: [8] Use of undefined constant admin_id - assumed 'admin_id' /alidata/www/phpwind/mysipo_video/Runtime/Cache/Admin/3137ab26088edbe96d4820189b2a2592.php 第 162 行.
NOTIC: [8] Use of undefined constant admin_id - assumed 'admin_id' /alidata/www/phpwind/mysipo_video/Runtime/Cache/Admin/3137ab26088edbe96d4820189b2a2592.php 第 162 行.
NOTIC: [8] Use of undefined constant admin_id - assumed 'admin_id' /alidata/www/phpwind/mysipo_video/Runtime/Cache/Admin/3137ab26088edbe96d4820189b2a2592.php 第 162 行.
NOTIC: [8] Use of undefined constant admin_id - assumed 'admin_id' /alidata/www/phpwind/mysipo_video/Runtime/Cache/Admin/3137ab26088edbe96d4820189b2a2592.php 第 162 行.
INFO: Run Behavior\ParseTemplate [ RunTime:0.021695s ]
INFO: [ view_parse ] --END-- [ RunTime:0.021745s ]
INFO: [ view_filter ] --START--
INFO: Run Behavior\WriteHtmlCache [ RunTime:0.000117s ]
INFO: [ view_filter ] --END-- [ RunTime:0.000157s ]
INFO: [ app_end ] --START--
INFO: Run Behavior\ShowPageTrace [ RunTime:0.000395s ]
INFO: [ app_end ] --END-- [ RunTime:0.000465s ]

[ 2016-03-22T17:49:35+08:00 ] 61.50.123.26 /mysipo_video/index.php?s=/Admin/Payinfo/edit/id/20000174.html
NOTIC: [8192] mysql_connect(): The mysql extension is deprecated and will be removed in the future: use mysqli or PDO instead /alidata/www/phpwind/mysipo_video/ThinkPHP/Library/Think/Db/Driver/Mysql.class.php 第 52 行.
SQL: SHOW COLUMNS FROM `lesson_menu` [ RunTime:0.000695s ]
SQL: SELECT * FROM `lesson_menu` WHERE ( `pid` = 0 ) AND ( `hide` = 0 ) AND ( `is_dev` = 0 ) ORDER BY sort asc  [ RunTime:0.000319s ]
SQL: SELECT `id` FROM `lesson_menu` WHERE ( url like '%Payinfo/edit%' ) LIMIT 1   [ RunTime:0.000243s ]
SQL: SHOW COLUMNS FROM `lesson_auth_group_access` [ RunTime:0.000403s ]
SQL: SELECT `extend_id` FROM lesson_auth_group_access g INNER JOIN lesson_auth_extend c on g.group_id=c.group_id  WHERE ( g.uid='107901' and c.type='1' and !isnull(extend_id) )  [ RunTime:0.000229s ]
SQL: SHOW COLUMNS FROM `lesson_category` [ RunTime:0.000644s ]
SQL: SELECT `id`,`title`,`pid`,`allow_publish`,`url`,`name` FROM `lesson_category` WHERE ( `status` = 1 ) ORDER BY pid,sort  [ RunTime:0.000208s ]
SQL: SELECT `id`,`title`,`pid` FROM `lesson_category` WHERE ( `status` = 1 ) ORDER BY sort  [ RunTime:0.000174s ]
SQL: SHOW COLUMNS FROM `lesson_order` [ RunTime:0.000490s ]
SQL: SELECT * FROM `lesson_order` WHERE ( `order_on` = 20000174 ) LIMIT 1   [ RunTime:0.000212s ]
SQL: SHOW COLUMNS FROM `lesson_series` [ RunTime:0.000461s ]
SQL: SELECT * FROM `lesson_series` ORDER BY ser_id desc  [ RunTime:0.000227s ]
INFO: [ view_parse ] --START--
INFO: [ template_filter ] --START--
INFO: Run Behavior\ContentReplace [ RunTime:0.000180s ]
INFO: [ template_filter ] --END-- [ RunTime:0.000234s ]
NOTIC: [8] Undefined index: reply_model /alidata/www/phpwind/mysipo_video/Runtime/Cache/Admin/2c556c0925dd5786e085636c7a7690ea.php 第 297 行.
INFO: Run Behavior\ParseTemplate [ RunTime:0.021523s ]
INFO: [ view_parse ] --END-- [ RunTime:0.021573s ]
INFO: [ view_filter ] --START--
INFO: Run Behavior\WriteHtmlCache [ RunTime:0.000115s ]
INFO: [ view_filter ] --END-- [ RunTime:0.000157s ]
INFO: [ app_end ] --START--
INFO: Run Behavior\ShowPageTrace [ RunTime:0.000376s ]
INFO: [ app_end ] --END-- [ RunTime:0.000426s ]

[ 2016-03-22T17:49:47+08:00 ] 61.50.123.26 /mysipo_video/index.php?s=/Admin/Payinfo/index/cate_id/49/p/8.html
NOTIC: [8192] mysql_connect(): The mysql extension is deprecated and will be removed in the future: use mysqli or PDO instead /alidata/www/phpwind/mysipo_video/ThinkPHP/Library/Think/Db/Driver/Mysql.class.php 第 52 行.
SQL: SHOW COLUMNS FROM `lesson_menu` [ RunTime:0.000723s ]
SQL: SELECT * FROM `lesson_menu` WHERE ( `pid` = 0 ) AND ( `hide` = 0 ) AND ( `is_dev` = 0 ) ORDER BY sort asc  [ RunTime:0.000333s ]
SQL: SELECT `id` FROM `lesson_menu` WHERE ( url like '%Payinfo/index%' ) LIMIT 1   [ RunTime:0.000247s ]
SQL: SHOW COLUMNS FROM `lesson_auth_group_access` [ RunTime:0.000398s ]
SQL: SELECT `extend_id` FROM lesson_auth_group_access g INNER JOIN lesson_auth_extend c on g.group_id=c.group_id  WHERE ( g.uid='107901' and c.type='1' and !isnull(extend_id) )  [ RunTime:0.000246s ]
SQL: SHOW COLUMNS FROM `lesson_category` [ RunTime:0.000621s ]
SQL: SELECT `id`,`title`,`pid`,`allow_publish`,`url`,`name` FROM `lesson_category` WHERE ( `status` = 1 ) ORDER BY pid,sort  [ RunTime:0.000224s ]
SQL: SELECT `id`,`title`,`pid` FROM `lesson_category` WHERE ( `status` = 1 ) ORDER BY sort  [ RunTime:0.000203s ]
SQL: SHOW COLUMNS FROM `lesson_order` [ RunTime:0.000497s ]
SQL: SELECT COUNT(*) AS tp_count FROM `lesson_order` WHERE ( `status` >= 0 ) LIMIT 1   [ RunTime:0.000220s ]
SQL: SELECT `order_on`,`uid`,`uname`,`telphone`,`pay_real`,`pay_amout`,`pay_channels`,`pay_code`,`lesson_type`,`lesson_id`,`status`,`admin_id`,`description`,`failure_time`,`pay_time` FROM `lesson_order` WHERE ( `status` >= 0 ) ORDER BY order_on desc LIMIT 70,10   [ RunTime:0.000301s ]
INFO: [ view_parse ] --START--
INFO: [ template_filter ] --START--
INFO: Run Behavior\ContentReplace [ RunTime:0.000156s ]
INFO: [ template_filter ] --END-- [ RunTime:0.000248s ]
NOTIC: [8] Use of undefined constant admin_id - assumed 'admin_id' /alidata/www/phpwind/mysipo_video/Runtime/Cache/Admin/3137ab26088edbe96d4820189b2a2592.php 第 162 行.
NOTIC: [8] Use of undefined constant admin_id - assumed 'admin_id' /alidata/www/phpwind/mysipo_video/Runtime/Cache/Admin/3137ab26088edbe96d4820189b2a2592.php 第 162 行.
NOTIC: [8] Use of undefined constant admin_id - assumed 'admin_id' /alidata/www/phpwind/mysipo_video/Runtime/Cache/Admin/3137ab26088edbe96d4820189b2a2592.php 第 162 行.
NOTIC: [8] Use of undefined constant admin_id - assumed 'admin_id' /alidata/www/phpwind/mysipo_video/Runtime/Cache/Admin/3137ab26088edbe96d4820189b2a2592.php 第 162 行.
NOTIC: [8] Use of undefined constant admin_id - assumed 'admin_id' /alidata/www/phpwind/mysipo_video/Runtime/Cache/Admin/3137ab26088edbe96d4820189b2a2592.php 第 162 行.
NOTIC: [8] Use of undefined constant admin_id - assumed 'admin_id' /alidata/www/phpwind/mysipo_video/Runtime/Cache/Admin/3137ab26088edbe96d4820189b2a2592.php 第 162 行.
NOTIC: [8] Use of undefined constant admin_id - assumed 'admin_id' /alidata/www/phpwind/mysipo_video/Runtime/Cache/Admin/3137ab26088edbe96d4820189b2a2592.php 第 162 行.
NOTIC: [8] Use of undefined constant admin_id - assumed 'admin_id' /alidata/www/phpwind/mysipo_video/Runtime/Cache/Admin/3137ab26088edbe96d4820189b2a2592.php 第 162 行.
NOTIC: [8] Use of undefined constant admin_id - assumed 'admin_id' /alidata/www/phpwind/mysipo_video/Runtime/Cache/Admin/3137ab26088edbe96d4820189b2a2592.php 第 162 行.
NOTIC: [8] Use of undefined constant admin_id - assumed 'admin_id' /alidata/www/phpwind/mysipo_video/Runtime/Cache/Admin/3137ab26088edbe96d4820189b2a2592.php 第 162 行.
INFO: Run Behavior\ParseTemplate [ RunTime:0.022946s ]
INFO: [ view_parse ] --END-- [ RunTime:0.022993s ]
INFO: [ view_filter ] --START--
INFO: Run Behavior\WriteHtmlCache [ RunTime:0.000121s ]
INFO: [ view_filter ] --END-- [ RunTime:0.000163s ]
INFO: [ app_end ] --START--
INFO: Run Behavior\ShowPageTrace [ RunTime:0.000405s ]
INFO: [ app_end ] --END-- [ RunTime:0.000459s ]

[ 2016-03-22T18:02:21+08:00 ] 61.50.123.26 /mysipo_video/index.php?s=/Admin/Playlive/Index.html&cate_id=45
NOTIC: [8192] mysql_connect(): The mysql extension is deprecated and will be removed in the future: use mysqli or PDO instead /alidata/www/phpwind/mysipo_video/ThinkPHP/Library/Think/Db/Driver/Mysql.class.php 第 52 行.
SQL: SHOW COLUMNS FROM `lesson_menu` [ RunTime:0.000700s ]
SQL: SELECT * FROM `lesson_menu` WHERE ( `pid` = 0 ) AND ( `hide` = 0 ) AND ( `is_dev` = 0 ) ORDER BY sort asc  [ RunTime:0.000319s ]
SQL: SELECT `id` FROM `lesson_menu` WHERE ( url like '%Playlive/index%' ) LIMIT 1   [ RunTime:0.000243s ]
SQL: SHOW COLUMNS FROM `lesson_auth_group_access` [ RunTime:0.000419s ]
SQL: SELECT `extend_id` FROM lesson_auth_group_access g INNER JOIN lesson_auth_extend c on g.group_id=c.group_id  WHERE ( g.uid='107901' and c.type='1' and !isnull(extend_id) )  [ RunTime:0.000227s ]
SQL: SHOW COLUMNS FROM `lesson_category` [ RunTime:0.000608s ]
SQL: SELECT `id`,`title`,`pid`,`allow_publish`,`url`,`name` FROM `lesson_category` WHERE ( `status` = 1 ) ORDER BY pid,sort  [ RunTime:0.000208s ]
SQL: SELECT `id`,`title`,`pid` FROM `lesson_category` WHERE ( `status` = 1 ) ORDER BY sort  [ RunTime:0.000195s ]
SQL: SHOW COLUMNS FROM `lesson_live` [ RunTime:0.000537s ]
SQL: SELECT COUNT(*) AS tp_count FROM `lesson_live` LIMIT 1   [ RunTime:0.000183s ]
SQL: SHOW COLUMNS FROM `lesson_live` [ RunTime:0.000515s ]
SQL: SELECT bbs.uid,bbs.username,video.tch_id,video.live_id,`live_title`,video.live_start_time,video.live_stop_time,video.live_time,video.tch_id,video.tutor_id,bbs.username as tch_name,tutor.username as tutor_name FROM lesson_live video INNER JOIN mysipo_bbs.mys_common_member bbs INNER JOIN mysipo_bbs.mys_common_member tutor  WHERE ( video.tch_id = bbs.uid and tutor.uid = video.tutor_id ) ORDER BY live_id desc LIMIT 0,10   [ RunTime:0.000336s ]
INFO: [ view_parse ] --START--
INFO: [ template_filter ] --START--
INFO: Run Behavior\ContentReplace [ RunTime:0.000145s ]
INFO: [ template_filter ] --END-- [ RunTime:0.000214s ]
INFO: Run Behavior\ParseTemplate [ RunTime:0.022642s ]
INFO: [ view_parse ] --END-- [ RunTime:0.022722s ]
INFO: [ view_filter ] --START--
INFO: Run Behavior\WriteHtmlCache [ RunTime:0.000181s ]
INFO: [ view_filter ] --END-- [ RunTime:0.000231s ]
INFO: [ app_end ] --START--
INFO: Run Behavior\ShowPageTrace [ RunTime:0.000445s ]
INFO: [ app_end ] --END-- [ RunTime:0.000516s ]

[ 2016-03-22T18:02:22+08:00 ] 61.50.123.26 /mysipo_video/index.php?s=/Admin/Playlive/content/id/70.html
NOTIC: [8192] mysql_connect(): The mysql extension is deprecated and will be removed in the future: use mysqli or PDO instead /alidata/www/phpwind/mysipo_video/ThinkPHP/Library/Think/Db/Driver/Mysql.class.php 第 52 行.
SQL: SHOW COLUMNS FROM `lesson_menu` [ RunTime:0.000689s ]
SQL: SELECT * FROM `lesson_menu` WHERE ( `pid` = 0 ) AND ( `hide` = 0 ) AND ( `is_dev` = 0 ) ORDER BY sort asc  [ RunTime:0.000318s ]
SQL: SELECT `id` FROM `lesson_menu` WHERE ( url like '%Playlive/content%' ) LIMIT 1   [ RunTime:0.000241s ]
SQL: SHOW COLUMNS FROM `lesson_auth_group_access` [ RunTime:0.000500s ]
SQL: SELECT `extend_id` FROM lesson_auth_group_access g INNER JOIN lesson_auth_extend c on g.group_id=c.group_id  WHERE ( g.uid='107901' and c.type='1' and !isnull(extend_id) )  [ RunTime:0.000266s ]
SQL: SHOW COLUMNS FROM `lesson_category` [ RunTime:0.000650s ]
SQL: SELECT `id`,`title`,`pid`,`allow_publish`,`url`,`name` FROM `lesson_category` WHERE ( `status` = 1 ) ORDER BY pid,sort  [ RunTime:0.000203s ]
SQL: SELECT `id`,`title`,`pid` FROM `lesson_category` WHERE ( `status` = 1 ) ORDER BY sort  [ RunTime:0.000193s ]
SQL: SHOW COLUMNS FROM `lesson_live_content` [ RunTime:0.000448s ]
SQL: SELECT * FROM `lesson_live_content` WHERE ( `live_id` = 70 ) LIMIT 1   [ RunTime:0.000177s ]
SQL: SHOW COLUMNS FROM `lesson_live` [ RunTime:0.000528s ]
SQL: SELECT `live_id`,`live_title`,`lc_id` FROM `lesson_live` WHERE ( `live_id` = 70 ) LIMIT 1   [ RunTime:0.000181s ]
SQL: SHOW COLUMNS FROM `lesson_place` [ RunTime:0.000391s ]
SQL: SELECT * FROM `lesson_place`  [ RunTime:0.000152s ]
INFO: [ view_parse ] --START--
INFO: [ template_filter ] --START--
INFO: Run Behavior\ContentReplace [ RunTime:0.000171s ]
INFO: [ template_filter ] --END-- [ RunTime:0.000228s ]
NOTIC: [8] Use of undefined constant lc_speak_intr - assumed 'lc_speak_intr' /alidata/www/phpwind/mysipo_video/Runtime/Cache/Admin/32cb463e731fb18bf8ee193635580e22.php 第 208 行.
INFO: [ adminArticleEdit ] --START--
SQL: SHOW COLUMNS FROM `lesson_addons` [ RunTime:0.000735s ]
SQL: SELECT `config` FROM `lesson_addons` WHERE ( `name` = 'EditorForAdmin' ) AND ( `status` = 1 ) LIMIT 1   [ RunTime:0.000231s ]
INFO: [ view_parse ] --START--
INFO: [ template_filter ] --START--
INFO: Run Behavior\ContentReplace [ RunTime:0.000054s ]
INFO: [ template_filter ] --END-- [ RunTime:-0.007696s ]
INFO: Run Behavior\ParseTemplate [ RunTime:0.003291s ]
INFO: [ view_parse ] --END-- [ RunTime:0.003336s ]
INFO: [ view_filter ] --START--
INFO: Run Behavior\WriteHtmlCache [ RunTime:0.000110s ]
INFO: [ view_filter ] --END-- [ RunTime:0.000150s ]
INFO: Run EditorForAdmin [ RunTime:0.005315s ]
INFO: [ adminArticleEdit ] --END-- [ RunTime:0.005352s ]
NOTIC: [8] Use of undefined constant lc_content - assumed 'lc_content' /alidata/www/phpwind/mysipo_video/Runtime/Cache/Admin/32cb463e731fb18bf8ee193635580e22.php 第 215 行.
INFO: [ adminArticleEdit ] --START--
INFO: [ view_parse ] --START--
INFO: [ template_filter ] --START--
INFO: Run Behavior\ContentReplace [ RunTime:0.000052s ]
INFO: [ template_filter ] --END-- [ RunTime:-0.011384s ]
INFO: Run Behavior\ParseTemplate [ RunTime:0.003206s ]
INFO: [ view_parse ] --END-- [ RunTime:-0.000333s ]
INFO: [ view_filter ] --START--
INFO: Run Behavior\WriteHtmlCache [ RunTime:0.000008s ]
INFO: [ view_filter ] --END-- [ RunTime:-0.003431s ]
INFO: Run EditorForAdmin [ RunTime:0.003395s ]
INFO: [ adminArticleEdit ] --END-- [ RunTime:-0.000041s ]
NOTIC: [8] Use of undefined constant lc_outline - assumed 'lc_outline' /alidata/www/phpwind/mysipo_video/Runtime/Cache/Admin/32cb463e731fb18bf8ee193635580e22.php 第 222 行.
INFO: [ adminArticleEdit ] --START--
INFO: [ view_parse ] --START--
INFO: [ template_filter ] --START--
INFO: Run Behavior\ContentReplace [ RunTime:0.000053s ]
INFO: [ template_filter ] --END-- [ RunTime:-0.014852s ]
INFO: Run Behavior\ParseTemplate [ RunTime:0.003236s ]
INFO: [ view_parse ] --END-- [ RunTime:-0.003764s ]
INFO: [ view_filter ] --START--
INFO: Run Behavior\WriteHtmlCache [ RunTime:0.000008s ]
INFO: [ view_filter ] --END-- [ RunTime:-0.006888s ]
INFO: Run EditorForAdmin [ RunTime:0.003386s ]
INFO: [ adminArticleEdit ] --END-- [ RunTime:-0.003508s ]
INFO: Run Behavior\ParseTemplate [ RunTime:0.003438s ]
INFO: [ view_parse ] --END-- [ RunTime:-0.003764s ]
INFO: [ view_filter ] --START--
INFO: Run Behavior\WriteHtmlCache [ RunTime:0.000008s ]
INFO: [ view_filter ] --END-- [ RunTime:-0.007089s ]
INFO: [ app_end ] --START--
INFO: Run Behavior\ShowPageTrace [ RunTime:0.000404s ]
INFO: [ app_end ] --END-- [ RunTime:0.000455s ]

[ 2016-03-22T18:02:23+08:00 ] 61.50.123.26 /mysipo_video/
SQL: SHOW COLUMNS FROM `lesson_category` [ RunTime:0.000661s ]
SQL: SELECT `id`,`name`,`title`,`pid`,`url`,`sort`,`list_row`,`meta_title`,`keywords`,`description`,`template_index`,`template_lists`,`template_detail`,`template_edit`,`model`,`type`,`link_id`,`allow_publish`,`display`,`reply`,`check`,`reply_model`,`extend`,`create_time`,`update_time`,`status`,`icon` FROM `lesson_category` WHERE ( `status` = 1 ) ORDER BY sort  [ RunTime:0.000289s ]
SQL: SHOW COLUMNS FROM `lesson_document` [ RunTime:0.000546s ]
SQL: SELECT `id`,`uid`,`name`,`title`,`category_id`,`description`,`root`,`pid`,`model_id`,`type`,`position`,`link_id`,`cover_id`,`display`,`deadline`,`attach`,`view`,`comment`,`extend`,`level`,`create_time`,`update_time`,`status` FROM `lesson_document` WHERE ( `status` = 1 ) AND ( `pid` = 0 ) AND ( `create_time` < 1458640943 ) AND ( deadline = 0 OR deadline > 1458640943 ) ORDER BY `id` DESC  [ RunTime:0.000331s ]
SQL: SHOW COLUMNS FROM `lesson_channel` [ RunTime:0.000462s ]
SQL: SELECT `id`,`pid`,`title`,`url`,`sort`,`create_time`,`update_time`,`status`,`target` FROM `lesson_channel` WHERE ( `status` = 1 ) ORDER BY sort  [ RunTime:0.000187s ]
INFO: [ view_parse ] --START--
INFO: [ template_filter ] --START--
INFO: Run Behavior\ContentReplace [ RunTime:0.000030s ]
INFO: [ template_filter ] --END-- [ RunTime:0.000081s ]
INFO: Run Behavior\ParseTemplate [ RunTime:0.004620s ]
INFO: [ view_parse ] --END-- [ RunTime:0.004672s ]
INFO: [ view_filter ] --START--
INFO: Run Behavior\WriteHtmlCache [ RunTime:0.000106s ]
INFO: [ view_filter ] --END-- [ RunTime:0.000145s ]
INFO: [ app_end ] --START--
INFO: Run Behavior\ShowPageTrace [ RunTime:0.000447s ]
INFO: [ app_end ] --END-- [ RunTime:0.000544s ]

[ 2016-03-22T18:02:28+08:00 ] 61.50.123.26 /mysipo_video/index.php?s=/Admin/Playlive/Index.html&cate_id=45
NOTIC: [8192] mysql_connect(): The mysql extension is deprecated and will be removed in the future: use mysqli or PDO instead /alidata/www/phpwind/mysipo_video/ThinkPHP/Library/Think/Db/Driver/Mysql.class.php 第 52 行.
SQL: SHOW COLUMNS FROM `lesson_menu` [ RunTime:0.000705s ]
SQL: SELECT * FROM `lesson_menu` WHERE ( `pid` = 0 ) AND ( `hide` = 0 ) AND ( `is_dev` = 0 ) ORDER BY sort asc  [ RunTime:0.000336s ]
SQL: SELECT `id` FROM `lesson_menu` WHERE ( url like '%Playlive/index%' ) LIMIT 1   [ RunTime:0.000244s ]
SQL: SHOW COLUMNS FROM `lesson_auth_group_access` [ RunTime:0.000402s ]
SQL: SELECT `extend_id` FROM lesson_auth_group_access g INNER JOIN lesson_auth_extend c on g.group_id=c.group_id  WHERE ( g.uid='107901' and c.type='1' and !isnull(extend_id) )  [ RunTime:0.000226s ]
SQL: SHOW COLUMNS FROM `lesson_category` [ RunTime:0.000587s ]
SQL: SELECT `id`,`title`,`pid`,`allow_publish`,`url`,`name` FROM `lesson_category` WHERE ( `status` = 1 ) ORDER BY pid,sort  [ RunTime:0.000223s ]
SQL: SELECT `id`,`title`,`pid` FROM `lesson_category` WHERE ( `status` = 1 ) ORDER BY sort  [ RunTime:0.000174s ]
SQL: SHOW COLUMNS FROM `lesson_live` [ RunTime:0.000563s ]
SQL: SELECT COUNT(*) AS tp_count FROM `lesson_live` LIMIT 1   [ RunTime:0.000181s ]
SQL: SHOW COLUMNS FROM `lesson_live` [ RunTime:0.000519s ]
SQL: SELECT bbs.uid,bbs.username,video.tch_id,video.live_id,`live_title`,video.live_start_time,video.live_stop_time,video.live_time,video.tch_id,video.tutor_id,bbs.username as tch_name,tutor.username as tutor_name FROM lesson_live video INNER JOIN mysipo_bbs.mys_common_member bbs INNER JOIN mysipo_bbs.mys_common_member tutor  WHERE ( video.tch_id = bbs.uid and tutor.uid = video.tutor_id ) ORDER BY live_id desc LIMIT 0,10   [ RunTime:0.000312s ]
INFO: [ view_parse ] --START--
INFO: [ template_filter ] --START--
INFO: Run Behavior\ContentReplace [ RunTime:0.000139s ]
INFO: [ template_filter ] --END-- [ RunTime:0.000207s ]
INFO: Run Behavior\ParseTemplate [ RunTime:0.021973s ]
INFO: [ view_parse ] --END-- [ RunTime:0.022022s ]
INFO: [ view_filter ] --START--
INFO: Run Behavior\WriteHtmlCache [ RunTime:0.000120s ]
INFO: [ view_filter ] --END-- [ RunTime:0.000160s ]
INFO: [ app_end ] --START--
INFO: Run Behavior\ShowPageTrace [ RunTime:0.000374s ]
INFO: [ app_end ] --END-- [ RunTime:0.000425s ]

[ 2016-03-22T22:19:35+08:00 ] 121.42.0.33 /mysipo_video/index.php
SQL: SHOW COLUMNS FROM `lesson_category` [ RunTime:0.000606s ]
SQL: SELECT `id`,`name`,`title`,`pid`,`url`,`sort`,`list_row`,`meta_title`,`keywords`,`description`,`template_index`,`template_lists`,`template_detail`,`template_edit`,`model`,`type`,`link_id`,`allow_publish`,`display`,`reply`,`check`,`reply_model`,`extend`,`create_time`,`update_time`,`status`,`icon` FROM `lesson_category` WHERE ( `status` = 1 ) ORDER BY sort  [ RunTime:0.000286s ]
SQL: SHOW COLUMNS FROM `lesson_document` [ RunTime:0.000541s ]
SQL: SELECT `id`,`uid`,`name`,`title`,`category_id`,`description`,`root`,`pid`,`model_id`,`type`,`position`,`link_id`,`cover_id`,`display`,`deadline`,`attach`,`view`,`comment`,`extend`,`level`,`create_time`,`update_time`,`status` FROM `lesson_document` WHERE ( `status` = 1 ) AND ( `pid` = 0 ) AND ( `create_time` < 1458656375 ) AND ( deadline = 0 OR deadline > 1458656375 ) ORDER BY `id` DESC  [ RunTime:0.000331s ]
SQL: SHOW COLUMNS FROM `lesson_channel` [ RunTime:0.000439s ]
SQL: SELECT `id`,`pid`,`title`,`url`,`sort`,`create_time`,`update_time`,`status`,`target` FROM `lesson_channel` WHERE ( `status` = 1 ) ORDER BY sort  [ RunTime:0.000181s ]
INFO: [ view_parse ] --START--
INFO: [ template_filter ] --START--
INFO: Run Behavior\ContentReplace [ RunTime:0.000033s ]
INFO: [ template_filter ] --END-- [ RunTime:0.000081s ]
INFO: Run Behavior\ParseTemplate [ RunTime:0.004486s ]
INFO: [ view_parse ] --END-- [ RunTime:0.004533s ]
INFO: [ view_filter ] --START--
INFO: Run Behavior\WriteHtmlCache [ RunTime:0.000106s ]
INFO: [ view_filter ] --END-- [ RunTime:0.000146s ]
INFO: [ app_end ] --START--
INFO: Run Behavior\ShowPageTrace [ RunTime:0.000358s ]
INFO: [ app_end ] --END-- [ RunTime:0.000402s ]

